<?xml version="1.0" encoding="UTF-8"?>
<coverage generated="1778944663716" clover="3.2.0">
  <project timestamp="1778944663716" name="All files">
    <metrics statements="312" coveredstatements="288" conditionals="229" coveredconditionals="190" methods="121" coveredmethods="103" elements="662" coveredelements="581" complexity="0" loc="312" ncloc="312" packages="1" files="14" classes="14"/>
    <file name="BacktestConfigDialog.tsx" path="/home/sirrus/projects/BTC-Trade-Engine-PaperClip/packages/web-ui/src/components/strategy-builder/BacktestConfigDialog.tsx">
      <metrics statements="40" coveredstatements="33" conditionals="22" coveredconditionals="17" methods="16" coveredmethods="11"/>
      <line num="3" count="1" type="stmt"/>
      <line num="4" count="1" type="stmt"/>
      <line num="6" count="1" type="stmt"/>
      <line num="13" count="1" type="stmt"/>
      <line num="15" count="1" type="stmt"/>
      <line num="23" count="10" type="stmt"/>
      <line num="27" count="10" type="stmt"/>
      <line num="28" count="10" type="stmt"/>
      <line num="29" count="10" type="stmt"/>
      <line num="32" count="10" type="stmt"/>
      <line num="33" count="13" type="stmt"/>
      <line num="35" count="13" type="stmt"/>
      <line num="40" count="13" type="stmt"/>
      <line num="42" count="13" type="stmt"/>
      <line num="43" count="2" type="stmt"/>
      <line num="46" count="13" type="stmt"/>
      <line num="47" count="0" type="stmt"/>
      <line num="50" count="13" type="stmt"/>
      <line num="51" count="2" type="cond" truecount="1" falsecount="1"/>
      <line num="52" count="2" type="cond" truecount="3" falsecount="1"/>
      <line num="53" count="0" type="stmt"/>
      <line num="54" count="0" type="stmt"/>
      <line num="56" count="2" type="cond" truecount="2" falsecount="0"/>
      <line num="57" count="1" type="stmt"/>
      <line num="58" count="1" type="stmt"/>
      <line num="60" count="1" type="stmt"/>
      <line num="61" count="1" type="stmt"/>
      <line num="62" count="1" type="stmt"/>
      <line num="63" count="1" type="stmt"/>
      <line num="65" count="0" type="cond" truecount="0" falsecount="2"/>
      <line num="69" count="13" type="stmt"/>
      <line num="70" count="1" type="cond" truecount="1" falsecount="1"/>
      <line num="74" count="13" type="cond" truecount="2" falsecount="0"/>
      <line num="76" count="12" type="cond" truecount="4" falsecount="0"/>
      <line num="106" count="48" type="stmt"/>
      <line num="108" count="0" type="stmt"/>
      <line num="127" count="1" type="stmt"/>
      <line num="139" count="1" type="stmt"/>
      <line num="157" count="0" type="stmt"/>
      <line num="172" count="0" type="stmt"/>
    </file>
    <file name="BlockSearchPanel.tsx" path="/home/sirrus/projects/BTC-Trade-Engine-PaperClip/packages/web-ui/src/components/strategy-builder/BlockSearchPanel.tsx">
      <metrics statements="32" coveredstatements="31" conditionals="23" coveredconditionals="20" methods="14" coveredmethods="13"/>
      <line num="3" count="3" type="stmt"/>
      <line num="4" count="3" type="stmt"/>
      <line num="5" count="3" type="stmt"/>
      <line num="6" count="3" type="stmt"/>
      <line num="8" count="3" type="stmt"/>
      <line num="18" count="3" type="stmt"/>
      <line num="34" count="10" type="stmt"/>
      <line num="35" count="10" type="cond" truecount="1" falsecount="1"/>
      <line num="36" count="10" type="cond" truecount="1" falsecount="1"/>
      <line num="42" count="2" type="stmt"/>
      <line num="60" count="1" type="stmt"/>
      <line num="71" count="15" type="stmt"/>
      <line num="72" count="17" type="stmt"/>
      <line num="74" count="17" type="stmt"/>
      <line num="75" count="17" type="stmt"/>
      <line num="76" count="17" type="stmt"/>
      <line num="78" count="17" type="stmt"/>
      <line num="79" count="17" type="stmt"/>
      <line num="81" count="11" type="cond" truecount="3" falsecount="0"/>
      <line num="84" count="11" type="cond" truecount="1" falsecount="1"/>
      <line num="85" count="11" type="cond" truecount="2" falsecount="0"/>
      <line num="86" count="11" type="cond" truecount="3" falsecount="0"/>
      <line num="90" count="17" type="stmt"/>
      <line num="92" count="1" type="stmt"/>
      <line num="93" count="1" type="cond" truecount="2" falsecount="0"/>
      <line num="94" count="1" type="stmt"/>
      <line num="113" count="1" type="stmt"/>
      <line num="121" count="0" type="stmt"/>
      <line num="126" count="12" type="stmt"/>
      <line num="136" count="1" type="stmt"/>
      <line num="141" count="119" type="stmt"/>
      <line num="157" count="8" type="stmt"/>
    </file>
    <file name="ExitConditionDialog.tsx" path="/home/sirrus/projects/BTC-Trade-Engine-PaperClip/packages/web-ui/src/components/strategy-builder/ExitConditionDialog.tsx">
      <metrics statements="27" coveredstatements="23" conditionals="26" coveredconditionals="25" methods="16" coveredmethods="12"/>
      <line num="3" count="1" type="stmt"/>
      <line num="4" count="1" type="stmt"/>
      <line num="23" count="11" type="stmt"/>
      <line num="30" count="15" type="cond" truecount="2" falsecount="0"/>
      <line num="31" count="15" type="cond" truecount="2" falsecount="0"/>
      <line num="32" count="15" type="cond" truecount="2" falsecount="0"/>
      <line num="33" count="15" type="cond" truecount="2" falsecount="0"/>
      <line num="34" count="15" type="cond" truecount="2" falsecount="0"/>
      <line num="35" count="15" type="cond" truecount="2" falsecount="0"/>
      <line num="36" count="15" type="stmt"/>
      <line num="38" count="15" type="stmt"/>
      <line num="39" count="2" type="cond" truecount="4" falsecount="0"/>
      <line num="40" count="1" type="stmt"/>
      <line num="41" count="1" type="stmt"/>
      <line num="43" count="1" type="stmt"/>
      <line num="44" count="1" type="stmt"/>
      <line num="52" count="1" type="stmt"/>
      <line num="55" count="15" type="stmt"/>
      <line num="57" count="1" type="cond" truecount="1" falsecount="1"/>
      <line num="62" count="15" type="cond" truecount="2" falsecount="0"/>
      <line num="100" count="1" type="stmt"/>
      <line num="119" count="0" type="stmt"/>
      <line num="131" count="1" type="stmt"/>
      <line num="153" count="0" type="stmt"/>
      <line num="168" count="0" type="stmt"/>
      <line num="182" count="1" type="stmt"/>
      <line num="198" count="0" type="stmt"/>
    </file>
    <file name="InfoTooltip.tsx" path="/home/sirrus/projects/BTC-Trade-Engine-PaperClip/packages/web-ui/src/components/strategy-builder/InfoTooltip.tsx">
      <metrics statements="5" coveredstatements="5" conditionals="2" coveredconditionals="2" methods="1" coveredmethods="1"/>
      <line num="3" count="11" type="stmt"/>
      <line num="4" count="11" type="stmt"/>
      <line num="12" count="517" type="cond" truecount="1" falsecount="0"/>
      <line num="13" count="517" type="stmt"/>
      <line num="14" count="517" type="stmt"/>
    </file>
    <file name="NewStrategyDialog.tsx" path="/home/sirrus/projects/BTC-Trade-Engine-PaperClip/packages/web-ui/src/components/strategy-builder/NewStrategyDialog.tsx">
      <metrics statements="30" coveredstatements="27" conditionals="21" coveredconditionals="16" methods="5" coveredmethods="5"/>
      <line num="3" count="1" type="stmt"/>
      <line num="4" count="1" type="stmt"/>
      <line num="5" count="1" type="stmt"/>
      <line num="12" count="10" type="stmt"/>
      <line num="13" count="18" type="stmt"/>
      <line num="14" count="18" type="stmt"/>
      <line num="15" count="18" type="stmt"/>
      <line num="16" count="18" type="stmt"/>
      <line num="17" count="18" type="stmt"/>
      <line num="18" count="18" type="stmt"/>
      <line num="20" count="18" type="stmt"/>
      <line num="21" count="2" type="stmt"/>
      <line num="22" count="2" type="cond" truecount="1" falsecount="1"/>
      <line num="23" count="0" type="stmt"/>
      <line num="24" count="0" type="stmt"/>
      <line num="25" count="0" type="stmt"/>
      <line num="27" count="2" type="stmt"/>
      <line num="28" count="2" type="stmt"/>
      <line num="29" count="2" type="stmt"/>
      <line num="30" count="2" type="cond" truecount="2" falsecount="0"/>
      <line num="31" count="1" type="stmt"/>
      <line num="33" count="1" type="cond" truecount="1" falsecount="1"/>
      <line num="35" count="2" type="stmt"/>
      <line num="39" count="18" type="stmt"/>
      <line num="41" count="1" type="cond" truecount="2" falsecount="2"/>
      <line num="42" count="1" type="cond" truecount="1" falsecount="1"/>
      <line num="47" count="18" type="cond" truecount="2" falsecount="0"/>
      <line num="49" count="17" type="stmt"/>
      <line num="92" count="3" type="stmt"/>
      <line num="113" count="1" type="stmt"/>
    </file>
    <file name="Providers.tsx" path="/home/sirrus/projects/BTC-Trade-Engine-PaperClip/packages/web-ui/src/components/strategy-builder/Providers.tsx">
      <metrics statements="10" coveredstatements="9" conditionals="2" coveredconditionals="1" methods="3" coveredmethods="3"/>
      <line num="3" count="12" type="stmt"/>
      <line num="9" count="12" type="stmt"/>
      <line num="11" count="517" type="stmt"/>
      <line num="12" count="517" type="stmt"/>
      <line num="13" count="517" type="cond" truecount="1" falsecount="1"/>
      <line num="14" count="0" type="stmt"/>
      <line num="16" count="517" type="stmt"/>
      <line num="24" count="114" type="stmt"/>
      <line num="25" count="114" type="stmt"/>
      <line num="26" count="517" type="stmt"/>
    </file>
    <file name="StepperRibbon.tsx" path="/home/sirrus/projects/BTC-Trade-Engine-PaperClip/packages/web-ui/src/components/strategy-builder/StepperRibbon.tsx">
      <metrics statements="19" coveredstatements="19" conditionals="19" coveredconditionals="18" methods="5" coveredmethods="5"/>
      <line num="3" count="3" type="stmt"/>
      <line num="14" count="3" type="stmt"/>
      <line num="23" count="48" type="stmt"/>
      <line num="24" count="48" type="cond" truecount="1" falsecount="1"/>
      <line num="25" count="48" type="cond" truecount="4" falsecount="0"/>
      <line num="27" count="11" type="stmt"/>
      <line num="29" count="1" type="stmt"/>
      <line num="31" count="1" type="stmt"/>
      <line num="33" count="35" type="stmt"/>
      <line num="44" count="12" type="stmt"/>
      <line num="50" count="12" type="stmt"/>
      <line num="51" count="48" type="cond" truecount="2" falsecount="0"/>
      <line num="52" count="47" type="cond" truecount="2" falsecount="0"/>
      <line num="53" count="46" type="cond" truecount="2" falsecount="0"/>
      <line num="54" count="35" type="stmt"/>
      <line num="60" count="48" type="stmt"/>
      <line num="61" count="48" type="stmt"/>
      <line num="62" count="48" type="stmt"/>
      <line num="67" count="1" type="stmt"/>
    </file>
    <file name="StrategyBlocksPanel.tsx" path="/home/sirrus/projects/BTC-Trade-Engine-PaperClip/packages/web-ui/src/components/strategy-builder/StrategyBlocksPanel.tsx">
      <metrics statements="21" coveredstatements="21" conditionals="16" coveredconditionals="11" methods="10" coveredmethods="10"/>
      <line num="3" count="3" type="stmt"/>
      <line num="4" count="3" type="stmt"/>
      <line num="5" count="3" type="stmt"/>
      <line num="6" count="3" type="stmt"/>
      <line num="8" count="3" type="stmt"/>
      <line num="18" count="3" type="stmt"/>
      <line num="49" count="20" type="cond" truecount="1" falsecount="1"/>
      <line num="50" count="20" type="cond" truecount="1" falsecount="1"/>
      <line num="57" count="1" type="stmt"/>
      <line num="74" count="3" type="stmt"/>
      <line num="78" count="1" type="stmt"/>
      <line num="88" count="1" type="stmt"/>
      <line num="97" count="1" type="stmt"/>
      <line num="110" count="17" type="stmt"/>
      <line num="112" count="17" type="stmt"/>
      <line num="114" count="17" type="cond" truecount="2" falsecount="0"/>
      <line num="116" count="17" type="stmt"/>
      <line num="118" count="1" type="cond" truecount="1" falsecount="1"/>
      <line num="123" count="17" type="stmt"/>
      <line num="125" count="1" type="cond" truecount="1" falsecount="1"/>
      <line num="148" count="20" type="stmt"/>
    </file>
    <file name="StrategyBrowserDialog.tsx" path="/home/sirrus/projects/BTC-Trade-Engine-PaperClip/packages/web-ui/src/components/strategy-builder/StrategyBrowserDialog.tsx">
      <metrics statements="32" coveredstatements="30" conditionals="29" coveredconditionals="22" methods="13" coveredmethods="10"/>
      <line num="3" count="1" type="stmt"/>
      <line num="4" count="1" type="stmt"/>
      <line num="6" count="1" type="stmt"/>
      <line num="8" count="1" type="stmt"/>
      <line num="22" count="12" type="stmt"/>
      <line num="23" count="16" type="stmt"/>
      <line num="24" count="16" type="stmt"/>
      <line num="25" count="16" type="stmt"/>
      <line num="26" count="16" type="stmt"/>
      <line num="28" count="16" type="stmt"/>
      <line num="29" count="14" type="stmt"/>
      <line num="31" count="14" type="cond" truecount="2" falsecount="0"/>
      <line num="32" count="2" type="stmt"/>
      <line num="33" count="2" type="stmt"/>
      <line num="34" count="3" type="cond" truecount="2" falsecount="1"/>
      <line num="39" count="14" type="cond" truecount="1" falsecount="1"/>
      <line num="40" count="14" type="cond" truecount="1" falsecount="1"/>
      <line num="41" count="0" type="cond" truecount="0" falsecount="2"/>
      <line num="43" count="14" type="stmt"/>
      <line num="46" count="16" type="stmt"/>
      <line num="47" count="2" type="stmt"/>
      <line num="48" count="2" type="cond" truecount="1" falsecount="1"/>
      <line num="49" count="2" type="stmt"/>
      <line num="50" count="2" type="stmt"/>
      <line num="54" count="16" type="stmt"/>
      <line num="56" count="2" type="cond" truecount="2" falsecount="0"/>
      <line num="57" count="2" type="cond" truecount="4" falsecount="0"/>
      <line num="62" count="16" type="cond" truecount="2" falsecount="0"/>
      <line num="92" count="2" type="stmt"/>
      <line num="100" count="0" type="stmt"/>
      <line num="119" count="15" type="stmt"/>
      <line num="121" count="2" type="stmt"/>
    </file>
    <file name="StrategyBuilder.tsx" path="/home/sirrus/projects/BTC-Trade-Engine-PaperClip/packages/web-ui/src/components/strategy-builder/StrategyBuilder.tsx">
      <metrics statements="27" coveredstatements="25" conditionals="10" coveredconditionals="7" methods="6" coveredmethods="3"/>
      <line num="3" count="2" type="stmt"/>
      <line num="4" count="2" type="stmt"/>
      <line num="5" count="2" type="stmt"/>
      <line num="6" count="2" type="stmt"/>
      <line num="7" count="2" type="stmt"/>
      <line num="8" count="2" type="stmt"/>
      <line num="9" count="2" type="stmt"/>
      <line num="10" count="2" type="stmt"/>
      <line num="13" count="5" type="stmt"/>
      <line num="15" count="5" type="stmt"/>
      <line num="16" count="5" type="stmt"/>
      <line num="17" count="5" type="stmt"/>
      <line num="18" count="0" type="cond" truecount="0" falsecount="2"/>
      <line num="19" count="0" type="stmt"/>
      <line num="63" count="7" type="stmt"/>
      <line num="71" count="7" type="stmt"/>
      <line num="73" count="7" type="stmt"/>
      <line num="74" count="7" type="stmt"/>
      <line num="75" count="7" type="stmt"/>
      <line num="77" count="7" type="stmt"/>
      <line num="78" count="7" type="cond" truecount="2" falsecount="0"/>
      <line num="79" count="1" type="stmt"/>
      <line num="81" count="6" type="cond" truecount="1" falsecount="1"/>
      <line num="82" count="6" type="stmt"/>
      <line num="85" count="7" type="stmt"/>
      <line num="88" count="7" type="cond" truecount="2" falsecount="0"/>
      <line num="96" count="6" type="cond" truecount="2" falsecount="0"/>
    </file>
    <file name="StrategyBuilderPage.tsx" path="/home/sirrus/projects/BTC-Trade-Engine-PaperClip/packages/web-ui/src/components/strategy-builder/StrategyBuilderPage.tsx">
      <metrics statements="6" coveredstatements="6" conditionals="2" coveredconditionals="2" methods="2" coveredmethods="2"/>
      <line num="3" count="1" type="stmt"/>
      <line num="4" count="1" type="stmt"/>
      <line num="5" count="1" type="stmt"/>
      <line num="8" count="1" type="stmt"/>
      <line num="9" count="1" type="stmt"/>
      <line num="14" count="1" type="stmt"/>
    </file>
    <file name="StrategyInfoPanel.tsx" path="/home/sirrus/projects/BTC-Trade-Engine-PaperClip/packages/web-ui/src/components/strategy-builder/StrategyInfoPanel.tsx">
      <metrics statements="26" coveredstatements="22" conditionals="14" coveredconditionals="9" methods="11" coveredmethods="9"/>
      <line num="3" count="3" type="stmt"/>
      <line num="4" count="3" type="stmt"/>
      <line num="5" count="3" type="stmt"/>
      <line num="6" count="3" type="stmt"/>
      <line num="8" count="3" type="stmt"/>
      <line num="25" count="17" type="stmt"/>
      <line num="26" count="17" type="stmt"/>
      <line num="28" count="17" type="stmt"/>
      <line num="30" count="0" type="cond" truecount="0" falsecount="4"/>
      <line num="33" count="0" type="stmt"/>
      <line num="34" count="0" type="stmt"/>
      <line num="39" count="17" type="stmt"/>
      <line num="41" count="1" type="stmt"/>
      <line num="46" count="17" type="cond" truecount="2" falsecount="0"/>
      <line num="54" count="11" type="stmt"/>
      <line num="55" count="11" type="cond" truecount="1" falsecount="1"/>
      <line num="57" count="33" type="stmt"/>
      <line num="58" count="33" type="stmt"/>
      <line num="59" count="11" type="stmt"/>
      <line num="61" count="11" type="stmt"/>
      <line num="62" count="22" type="stmt"/>
      <line num="64" count="11" type="stmt"/>
      <line num="85" count="0" type="stmt"/>
      <line num="104" count="1" type="stmt"/>
      <line num="108" count="88" type="stmt"/>
      <line num="122" count="33" type="stmt"/>
    </file>
    <file name="ValidationPanel.tsx" path="/home/sirrus/projects/BTC-Trade-Engine-PaperClip/packages/web-ui/src/components/strategy-builder/ValidationPanel.tsx">
      <metrics statements="19" coveredstatements="19" conditionals="17" coveredconditionals="14" methods="10" coveredmethods="10"/>
      <line num="3" count="3" type="stmt"/>
      <line num="4" count="3" type="stmt"/>
      <line num="5" count="3" type="stmt"/>
      <line num="6" count="3" type="stmt"/>
      <line num="8" count="3" type="stmt"/>
      <line num="32" count="8" type="stmt"/>
      <line num="36" count="1" type="stmt"/>
      <line num="50" count="17" type="stmt"/>
      <line num="51" count="17" type="stmt"/>
      <line num="52" count="17" type="stmt"/>
      <line num="53" count="17" type="stmt"/>
      <line num="56" count="17" type="stmt"/>
      <line num="58" count="17" type="stmt"/>
      <line num="60" count="17" type="stmt"/>
      <line num="62" count="1" type="cond" truecount="1" falsecount="1"/>
      <line num="67" count="17" type="stmt"/>
      <line num="68" count="17" type="stmt"/>
      <line num="92" count="1" type="stmt"/>
      <line num="121" count="8" type="stmt"/>
    </file>
    <file name="ValidationReportWindow.tsx" path="/home/sirrus/projects/BTC-Trade-Engine-PaperClip/packages/web-ui/src/components/strategy-builder/ValidationReportWindow.tsx">
      <metrics statements="18" coveredstatements="18" conditionals="26" coveredconditionals="26" methods="9" coveredmethods="9"/>
      <line num="3" count="1" type="stmt"/>
      <line num="4" count="1" type="stmt"/>
      <line num="5" count="1" type="stmt"/>
      <line num="7" count="1" type="stmt"/>
      <line num="18" count="11" type="stmt"/>
      <line num="19" count="11" type="stmt"/>
      <line num="21" count="11" type="stmt"/>
      <line num="22" count="11" type="stmt"/>
      <line num="23" count="11" type="stmt"/>
      <line num="24" count="11" type="stmt"/>
      <line num="25" count="11" type="stmt"/>
      <line num="28" count="11" type="stmt"/>
      <line num="29" count="11" type="stmt"/>
      <line num="31" count="11" type="cond" truecount="2" falsecount="0"/>
      <line num="64" count="1" type="stmt"/>
      <line num="85" count="3" type="stmt"/>
      <line num="99" count="2" type="stmt"/>
      <line num="113" count="2" type="stmt"/>
    </file>
  </project>
</coverage>
