{"/home/sirrus/projects/BTC-Trade-Engine-PaperClip/packages/web-ui/src/components/strategy-builder/BacktestConfigDialog.tsx": {"path":"/home/sirrus/projects/BTC-Trade-Engine-PaperClip/packages/web-ui/src/components/strategy-builder/BacktestConfigDialog.tsx","statementMap":{"0":{"start":{"line":32,"column":16},"end":{"line":32,"column":37}},"1":{"start":{"line":3,"column":38},"end":{"line":3,"column":null}},"2":{"start":{"line":4,"column":33},"end":{"line":4,"column":null}},"3":{"start":{"line":6,"column":28},"end":{"line":6,"column":null}},"4":{"start":{"line":13,"column":20},"end":{"line":13,"column":null}},"5":{"start":{"line":15,"column":58},"end":{"line":20,"column":null}},"6":{"start":{"line":23,"column":2},"end":{"line":23,"column":null}},"7":{"start":{"line":27,"column":12},"end":{"line":27,"column":null}},"8":{"start":{"line":28,"column":2},"end":{"line":28,"column":null}},"9":{"start":{"line":29,"column":2},"end":{"line":29,"column":null}},"10":{"start":{"line":33,"column":81},"end":{"line":33,"column":null}},"11":{"start":{"line":35,"column":30},"end":{"line":39,"column":null}},"12":{"start":{"line":35,"column":82},"end":{"line":39,"column":null}},"13":{"start":{"line":40,"column":28},"end":{"line":40,"column":null}},"14":{"start":{"line":42,"column":16},"end":{"line":44,"column":null}},"15":{"start":{"line":43,"column":4},"end":{"line":43,"column":null}},"16":{"start":{"line":43,"column":25},"end":{"line":43,"column":null}},"17":{"start":{"line":46,"column":22},"end":{"line":48,"column":null}},"18":{"start":{"line":47,"column":4},"end":{"line":47,"column":null}},"19":{"start":{"line":47,"column":25},"end":{"line":47,"column":null}},"20":{"start":{"line":50,"column":20},"end":{"line":67,"column":null}},"21":{"start":{"line":51,"column":4},"end":{"line":51,"column":null}},"22":{"start":{"line":51,"column":26},"end":{"line":51,"column":null}},"23":{"start":{"line":52,"column":4},"end":{"line":55,"column":null}},"24":{"start":{"line":53,"column":6},"end":{"line":53,"column":null}},"25":{"start":{"line":54,"column":6},"end":{"line":54,"column":null}},"26":{"start":{"line":56,"column":4},"end":{"line":59,"column":null}},"27":{"start":{"line":57,"column":6},"end":{"line":57,"column":null}},"28":{"start":{"line":58,"column":6},"end":{"line":58,"column":null}},"29":{"start":{"line":60,"column":4},"end":{"line":60,"column":null}},"30":{"start":{"line":61,"column":4},"end":{"line":66,"column":null}},"31":{"start":{"line":62,"column":6},"end":{"line":62,"column":null}},"32":{"start":{"line":63,"column":6},"end":{"line":63,"column":null}},"33":{"start":{"line":65,"column":6},"end":{"line":65,"column":null}},"34":{"start":{"line":69,"column":24},"end":{"line":71,"column":null}},"35":{"start":{"line":70,"column":34},"end":{"line":70,"column":69}},"36":{"start":{"line":70,"column":58},"end":{"line":70,"column":69}},"37":{"start":{"line":74,"column":2},"end":{"line":74,"column":null}},"38":{"start":{"line":74,"column":13},"end":{"line":74,"column":null}},"39":{"start":{"line":76,"column":17},"end":{"line":76,"column":null}},"40":{"start":{"line":106,"column":16},"end":{"line":106,"column":37}},"41":{"start":{"line":108,"column":35},"end":{"line":108,"column":null}},"42":{"start":{"line":127,"column":35},"end":{"line":127,"column":null}},"43":{"start":{"line":139,"column":35},"end":{"line":139,"column":null}},"44":{"start":{"line":157,"column":35},"end":{"line":157,"column":null}},"45":{"start":{"line":172,"column":35},"end":{"line":172,"column":null}}},"fnMap":{"0":{"name":"today","decl":{"start":{"line":22,"column":9},"end":{"line":22,"column":null}},"loc":{"start":{"line":22,"column":9},"end":{"line":24,"column":null}}},"1":{"name":"daysAgo","decl":{"start":{"line":26,"column":9},"end":{"line":26,"column":17}},"loc":{"start":{"line":26,"column":26},"end":{"line":30,"column":null}}},"2":{"name":"BacktestConfigDialog","decl":{"start":{"line":32,"column":16},"end":{"line":32,"column":37}},"loc":{"start":{"line":32,"column":81},"end":{"line":222,"column":null}}},"3":{"name":"(anonymous_4)","decl":{"start":{"line":35,"column":75},"end":{"line":35,"column":82}},"loc":{"start":{"line":35,"column":82},"end":{"line":39,"column":null}}},"4":{"name":"(anonymous_5)","decl":{"start":{"line":42,"column":28},"end":{"line":42,"column":60}},"loc":{"start":{"line":42,"column":68},"end":{"line":44,"column":5}}},"5":{"name":"(anonymous_6)","decl":{"start":{"line":43,"column":14},"end":{"line":43,"column":15}},"loc":{"start":{"line":43,"column":25},"end":{"line":43,"column":null}}},"6":{"name":"(anonymous_7)","decl":{"start":{"line":46,"column":34},"end":{"line":46,"column":35}},"loc":{"start":{"line":46,"column":35},"end":{"line":48,"column":5}}},"7":{"name":"(anonymous_8)","decl":{"start":{"line":47,"column":14},"end":{"line":47,"column":15}},"loc":{"start":{"line":47,"column":25},"end":{"line":47,"column":null}}},"8":{"name":"(anonymous_9)","decl":{"start":{"line":50,"column":32},"end":{"line":50,"column":null}},"loc":{"start":{"line":50,"column":32},"end":{"line":67,"column":5}}},"9":{"name":"(anonymous_10)","decl":{"start":{"line":70,"column":4},"end":{"line":70,"column":5}},"loc":{"start":{"line":70,"column":5},"end":{"line":70,"column":null}}},"10":{"name":"(anonymous_11)","decl":{"start":{"line":105,"column":31},"end":{"line":105,"column":32}},"loc":{"start":{"line":106,"column":16},"end":{"line":106,"column":37}}},"11":{"name":"(anonymous_12)","decl":{"start":{"line":108,"column":29},"end":{"line":108,"column":35}},"loc":{"start":{"line":108,"column":35},"end":{"line":108,"column":null}}},"12":{"name":"(anonymous_13)","decl":{"start":{"line":127,"column":28},"end":{"line":127,"column":29}},"loc":{"start":{"line":127,"column":35},"end":{"line":127,"column":null}}},"13":{"name":"(anonymous_14)","decl":{"start":{"line":139,"column":28},"end":{"line":139,"column":29}},"loc":{"start":{"line":139,"column":35},"end":{"line":139,"column":null}}},"14":{"name":"(anonymous_15)","decl":{"start":{"line":157,"column":28},"end":{"line":157,"column":29}},"loc":{"start":{"line":157,"column":35},"end":{"line":157,"column":null}}},"15":{"name":"(anonymous_16)","decl":{"start":{"line":172,"column":28},"end":{"line":172,"column":29}},"loc":{"start":{"line":172,"column":35},"end":{"line":172,"column":null}}}},"branchMap":{"0":{"loc":{"start":{"line":51,"column":4},"end":{"line":51,"column":null}},"type":"if","locations":[{"start":{"line":51,"column":4},"end":{"line":51,"column":null}},{"start":{},"end":{}}]},"1":{"loc":{"start":{"line":52,"column":4},"end":{"line":55,"column":null}},"type":"if","locations":[{"start":{"line":52,"column":4},"end":{"line":55,"column":null}},{"start":{},"end":{}}]},"2":{"loc":{"start":{"line":52,"column":8},"end":{"line":52,"column":44}},"type":"binary-expr","locations":[{"start":{"line":52,"column":8},"end":{"line":52,"column":25}},{"start":{"line":52,"column":29},"end":{"line":52,"column":44}}]},"3":{"loc":{"start":{"line":56,"column":4},"end":{"line":59,"column":null}},"type":"if","locations":[{"start":{"line":56,"column":4},"end":{"line":59,"column":null}},{"start":{},"end":{}}]},"4":{"loc":{"start":{"line":65,"column":15},"end":{"line":65,"column":null}},"type":"cond-expr","locations":[{"start":{"line":65,"column":36},"end":{"line":65,"column":45}},{"start":{"line":65,"column":48},"end":{"line":65,"column":null}}]},"5":{"loc":{"start":{"line":70,"column":34},"end":{"line":70,"column":69}},"type":"if","locations":[{"start":{"line":70,"column":34},"end":{"line":70,"column":69}},{"start":{},"end":{}}]},"6":{"loc":{"start":{"line":74,"column":2},"end":{"line":74,"column":null}},"type":"if","locations":[{"start":{"line":74,"column":2},"end":{"line":74,"column":null}},{"start":{},"end":{}}]},"7":{"loc":{"start":{"line":76,"column":17},"end":{"line":76,"column":null}},"type":"binary-expr","locations":[{"start":{"line":76,"column":17},"end":{"line":76,"column":38}},{"start":{"line":76,"column":38},"end":{"line":76,"column":56}},{"start":{"line":76,"column":60},"end":{"line":76,"column":76}},{"start":{"line":76,"column":80},"end":{"line":76,"column":null}}]},"8":{"loc":{"start":{"line":181,"column":11},"end":{"line":181,"column":null}},"type":"binary-expr","locations":[{"start":{"line":181,"column":11},"end":{"line":181,"column":null}}]},"9":{"loc":{"start":{"line":196,"column":11},"end":{"line":196,"column":20}},"type":"binary-expr","locations":[{"start":{"line":196,"column":11},"end":{"line":196,"column":20}}]},"10":{"loc":{"start":{"line":215,"column":15},"end":{"line":215,"column":null}},"type":"cond-expr","locations":[{"start":{"line":215,"column":36},"end":{"line":215,"column":49}},{"start":{"line":215,"column":49},"end":{"line":215,"column":null}}]}},"s":{"0":10,"1":1,"2":1,"3":1,"4":1,"5":1,"6":10,"7":10,"8":10,"9":10,"10":13,"11":13,"12":10,"13":13,"14":13,"15":2,"16":2,"17":13,"18":0,"19":0,"20":13,"21":2,"22":0,"23":2,"24":0,"25":0,"26":2,"27":1,"28":1,"29":1,"30":1,"31":1,"32":1,"33":0,"34":13,"35":1,"36":1,"37":13,"38":1,"39":12,"40":48,"41":0,"42":1,"43":1,"44":0,"45":0},"f":{"0":10,"1":10,"2":13,"3":10,"4":2,"5":2,"6":0,"7":0,"8":2,"9":1,"10":48,"11":0,"12":1,"13":1,"14":0,"15":0},"b":{"0":[0,2],"1":[0,2],"2":[2,2],"3":[1,1],"4":[0,0],"5":[1,0],"6":[1,12],"7":[12,12,12,12],"8":[12],"9":[12],"10":[2,10]}}
,"/home/sirrus/projects/BTC-Trade-Engine-PaperClip/packages/web-ui/src/components/strategy-builder/BlockSearchPanel.tsx": {"path":"/home/sirrus/projects/BTC-Trade-Engine-PaperClip/packages/web-ui/src/components/strategy-builder/BlockSearchPanel.tsx","statementMap":{"0":{"start":{"line":71,"column":16},"end":{"line":71,"column":null}},"1":{"start":{"line":3,"column":47},"end":{"line":3,"column":null}},"2":{"start":{"line":4,"column":33},"end":{"line":4,"column":null}},"3":{"start":{"line":5,"column":43},"end":{"line":5,"column":null}},"4":{"start":{"line":6,"column":28},"end":{"line":6,"column":null}},"5":{"start":{"line":8,"column":53},"end":{"line":16,"column":null}},"6":{"start":{"line":18,"column":47},"end":{"line":26,"column":null}},"7":{"start":{"line":34,"column":34},"end":{"line":34,"column":null}},"8":{"start":{"line":35,"column":20},"end":{"line":35,"column":null}},"9":{"start":{"line":36,"column":20},"end":{"line":36,"column":63}},"10":{"start":{"line":42,"column":23},"end":{"line":42,"column":null}},"11":{"start":{"line":42,"column":42},"end":{"line":42,"column":null}},"12":{"start":{"line":60,"column":29},"end":{"line":60,"column":null}},"13":{"start":{"line":72,"column":72},"end":{"line":72,"column":null}},"14":{"start":{"line":74,"column":38},"end":{"line":74,"column":null}},"15":{"start":{"line":75,"column":50},"end":{"line":75,"column":null}},"16":{"start":{"line":76,"column":42},"end":{"line":76,"column":null}},"17":{"start":{"line":78,"column":25},"end":{"line":88,"column":null}},"18":{"start":{"line":79,"column":4},"end":{"line":87,"column":null}},"19":{"start":{"line":81,"column":8},"end":{"line":83,"column":null}},"20":{"start":{"line":84,"column":30},"end":{"line":84,"column":null}},"21":{"start":{"line":85,"column":26},"end":{"line":85,"column":null}},"22":{"start":{"line":86,"column":6},"end":{"line":86,"column":null}},"23":{"start":{"line":90,"column":20},"end":{"line":96,"column":null}},"24":{"start":{"line":92,"column":23},"end":{"line":92,"column":66}},"25":{"start":{"line":93,"column":23},"end":{"line":93,"column":null}},"26":{"start":{"line":94,"column":6},"end":{"line":94,"column":null}},"27":{"start":{"line":113,"column":29},"end":{"line":113,"column":null}},"28":{"start":{"line":121,"column":29},"end":{"line":121,"column":null}},"29":{"start":{"line":126,"column":14},"end":{"line":126,"column":35}},"30":{"start":{"line":136,"column":29},"end":{"line":136,"column":null}},"31":{"start":{"line":141,"column":14},"end":{"line":141,"column":33}},"32":{"start":{"line":157,"column":12},"end":{"line":157,"column":38}}},"fnMap":{"0":{"name":"BlockCard","decl":{"start":{"line":33,"column":9},"end":{"line":33,"column":19}},"loc":{"start":{"line":33,"column":51},"end":{"line":69,"column":null}}},"1":{"name":"(anonymous_2)","decl":{"start":{"line":42,"column":17},"end":{"line":42,"column":23}},"loc":{"start":{"line":42,"column":23},"end":{"line":42,"column":null}}},"2":{"name":"(anonymous_3)","decl":{"start":{"line":42,"column":35},"end":{"line":42,"column":36}},"loc":{"start":{"line":42,"column":42},"end":{"line":42,"column":null}}},"3":{"name":"(anonymous_4)","decl":{"start":{"line":60,"column":23},"end":{"line":60,"column":29}},"loc":{"start":{"line":60,"column":29},"end":{"line":60,"column":null}}},"4":{"name":"BlockSearchPanel","decl":{"start":{"line":71,"column":16},"end":{"line":71,"column":null}},"loc":{"start":{"line":71,"column":16},"end":{"line":170,"column":null}}},"5":{"name":"(anonymous_6)","decl":{"start":{"line":78,"column":33},"end":{"line":78,"column":null}},"loc":{"start":{"line":78,"column":33},"end":{"line":88,"column":5}}},"6":{"name":"(anonymous_7)","decl":{"start":{"line":79,"column":31},"end":{"line":79,"column":32}},"loc":{"start":{"line":79,"column":32},"end":{"line":87,"column":null}}},"7":{"name":"(anonymous_8)","decl":{"start":{"line":91,"column":4},"end":{"line":91,"column":5}},"loc":{"start":{"line":91,"column":5},"end":{"line":95,"column":null}}},"8":{"name":"(anonymous_9)","decl":{"start":{"line":113,"column":22},"end":{"line":113,"column":23}},"loc":{"start":{"line":113,"column":29},"end":{"line":113,"column":null}}},"9":{"name":"(anonymous_10)","decl":{"start":{"line":121,"column":22},"end":{"line":121,"column":23}},"loc":{"start":{"line":121,"column":29},"end":{"line":121,"column":null}}},"10":{"name":"(anonymous_11)","decl":{"start":{"line":125,"column":33},"end":{"line":125,"column":34}},"loc":{"start":{"line":126,"column":14},"end":{"line":126,"column":35}}},"11":{"name":"(anonymous_12)","decl":{"start":{"line":136,"column":22},"end":{"line":136,"column":23}},"loc":{"start":{"line":136,"column":29},"end":{"line":136,"column":null}}},"12":{"name":"(anonymous_13)","decl":{"start":{"line":140,"column":51},"end":{"line":140,"column":52}},"loc":{"start":{"line":141,"column":14},"end":{"line":141,"column":33}}},"13":{"name":"(anonymous_14)","decl":{"start":{"line":156,"column":29},"end":{"line":156,"column":30}},"loc":{"start":{"line":157,"column":12},"end":{"line":157,"column":38}}}},"branchMap":{"0":{"loc":{"start":{"line":35,"column":20},"end":{"line":35,"column":null}},"type":"binary-expr","locations":[{"start":{"line":35,"column":20},"end":{"line":35,"column":43}},{"start":{"line":35,"column":47},"end":{"line":35,"column":null}}]},"1":{"loc":{"start":{"line":36,"column":20},"end":{"line":36,"column":63}},"type":"binary-expr","locations":[{"start":{"line":36,"column":20},"end":{"line":36,"column":49}},{"start":{"line":36,"column":53},"end":{"line":36,"column":63}}]},"2":{"loc":{"start":{"line":51,"column":63},"end":{"line":51,"column":null}},"type":"cond-expr","locations":[{"start":{"line":51,"column":74},"end":{"line":51,"column":80}},{"start":{"line":51,"column":80},"end":{"line":51,"column":null}}]},"3":{"loc":{"start":{"line":54,"column":7},"end":{"line":54,"column":null}},"type":"binary-expr","locations":[{"start":{"line":54,"column":7},"end":{"line":54,"column":null}}]},"4":{"loc":{"start":{"line":81,"column":8},"end":{"line":83,"column":null}},"type":"binary-expr","locations":[{"start":{"line":81,"column":8},"end":{"line":81,"column":null}},{"start":{"line":82,"column":8},"end":{"line":82,"column":null}},{"start":{"line":83,"column":8},"end":{"line":83,"column":null}}]},"5":{"loc":{"start":{"line":84,"column":30},"end":{"line":84,"column":null}},"type":"binary-expr","locations":[{"start":{"line":84,"column":30},"end":{"line":84,"column":60}},{"start":{"line":84,"column":60},"end":{"line":84,"column":null}}]},"6":{"loc":{"start":{"line":85,"column":26},"end":{"line":85,"column":null}},"type":"binary-expr","locations":[{"start":{"line":85,"column":26},"end":{"line":85,"column":52}},{"start":{"line":85,"column":52},"end":{"line":85,"column":null}}]},"7":{"loc":{"start":{"line":86,"column":13},"end":{"line":86,"column":null}},"type":"binary-expr","locations":[{"start":{"line":86,"column":13},"end":{"line":86,"column":30}},{"start":{"line":86,"column":30},"end":{"line":86,"column":49}},{"start":{"line":86,"column":49},"end":{"line":86,"column":null}}]},"8":{"loc":{"start":{"line":93,"column":23},"end":{"line":93,"column":null}},"type":"binary-expr","locations":[{"start":{"line":93,"column":23},"end":{"line":93,"column":50}},{"start":{"line":93,"column":50},"end":{"line":93,"column":null}}]},"9":{"loc":{"start":{"line":151,"column":9},"end":{"line":157,"column":38}},"type":"cond-expr","locations":[{"start":{"line":152,"column":10},"end":{"line":153,"column":27}},{"start":{"line":153,"column":12},"end":{"line":157,"column":38}}]},"10":{"loc":{"start":{"line":153,"column":12},"end":{"line":157,"column":38}},"type":"cond-expr","locations":[{"start":{"line":154,"column":10},"end":{"line":156,"column":25}},{"start":{"line":156,"column":10},"end":{"line":157,"column":38}}]}},"s":{"0":15,"1":3,"2":3,"3":3,"4":3,"5":3,"6":3,"7":10,"8":10,"9":10,"10":2,"11":2,"12":1,"13":17,"14":17,"15":17,"16":17,"17":17,"18":17,"19":11,"20":11,"21":11,"22":11,"23":17,"24":1,"25":1,"26":1,"27":1,"28":0,"29":12,"30":1,"31":119,"32":8},"f":{"0":10,"1":2,"2":2,"3":1,"4":17,"5":17,"6":11,"7":1,"8":1,"9":0,"10":12,"11":1,"12":119,"13":8},"b":{"0":[10,0],"1":[10,0],"2":[2,8],"3":[10],"4":[11,1,1],"5":[11,0],"6":[11,1],"7":[11,10,10],"8":[1,1],"9":[1,16],"10":[8,8]}}
,"/home/sirrus/projects/BTC-Trade-Engine-PaperClip/packages/web-ui/src/components/strategy-builder/ExitConditionDialog.tsx": {"path":"/home/sirrus/projects/BTC-Trade-Engine-PaperClip/packages/web-ui/src/components/strategy-builder/ExitConditionDialog.tsx","statementMap":{"0":{"start":{"line":23,"column":16},"end":{"line":23,"column":36}},"1":{"start":{"line":3,"column":38},"end":{"line":3,"column":null}},"2":{"start":{"line":4,"column":28},"end":{"line":4,"column":null}},"3":{"start":{"line":30,"column":38},"end":{"line":30,"column":null}},"4":{"start":{"line":30,"column":53},"end":{"line":30,"column":null}},"5":{"start":{"line":31,"column":34},"end":{"line":31,"column":null}},"6":{"start":{"line":31,"column":74},"end":{"line":31,"column":null}},"7":{"start":{"line":32,"column":40},"end":{"line":32,"column":null}},"8":{"start":{"line":32,"column":55},"end":{"line":32,"column":null}},"9":{"start":{"line":33,"column":48},"end":{"line":33,"column":null}},"10":{"start":{"line":33,"column":63},"end":{"line":33,"column":null}},"11":{"start":{"line":34,"column":46},"end":{"line":34,"column":null}},"12":{"start":{"line":34,"column":61},"end":{"line":34,"column":null}},"13":{"start":{"line":35,"column":48},"end":{"line":35,"column":null}},"14":{"start":{"line":35,"column":63},"end":{"line":35,"column":null}},"15":{"start":{"line":36,"column":28},"end":{"line":36,"column":null}},"16":{"start":{"line":38,"column":21},"end":{"line":53,"column":null}},"17":{"start":{"line":39,"column":4},"end":{"line":42,"column":null}},"18":{"start":{"line":40,"column":6},"end":{"line":40,"column":null}},"19":{"start":{"line":41,"column":6},"end":{"line":41,"column":null}},"20":{"start":{"line":43,"column":4},"end":{"line":43,"column":null}},"21":{"start":{"line":44,"column":4},"end":{"line":51,"column":null}},"22":{"start":{"line":52,"column":4},"end":{"line":52,"column":null}},"23":{"start":{"line":55,"column":24},"end":{"line":59,"column":null}},"24":{"start":{"line":57,"column":6},"end":{"line":57,"column":null}},"25":{"start":{"line":57,"column":30},"end":{"line":57,"column":null}},"26":{"start":{"line":62,"column":2},"end":{"line":62,"column":null}},"27":{"start":{"line":62,"column":13},"end":{"line":62,"column":null}},"28":{"start":{"line":100,"column":35},"end":{"line":100,"column":78}},"29":{"start":{"line":100,"column":78},"end":{"line":100,"column":94}},"30":{"start":{"line":119,"column":34},"end":{"line":119,"column":null}},"31":{"start":{"line":131,"column":34},"end":{"line":131,"column":null}},"32":{"start":{"line":153,"column":37},"end":{"line":153,"column":null}},"33":{"start":{"line":168,"column":37},"end":{"line":168,"column":null}},"34":{"start":{"line":182,"column":33},"end":{"line":182,"column":null}},"35":{"start":{"line":198,"column":37},"end":{"line":198,"column":null}}},"fnMap":{"0":{"name":"ExitConditionDialog","decl":{"start":{"line":23,"column":16},"end":{"line":23,"column":36}},"loc":{"start":{"line":29,"column":27},"end":{"line":229,"column":null}}},"1":{"name":"(anonymous_2)","decl":{"start":{"line":30,"column":47},"end":{"line":30,"column":53}},"loc":{"start":{"line":30,"column":53},"end":{"line":30,"column":null}}},"2":{"name":"(anonymous_3)","decl":{"start":{"line":31,"column":68},"end":{"line":31,"column":74}},"loc":{"start":{"line":31,"column":74},"end":{"line":31,"column":null}}},"3":{"name":"(anonymous_4)","decl":{"start":{"line":32,"column":49},"end":{"line":32,"column":55}},"loc":{"start":{"line":32,"column":55},"end":{"line":32,"column":null}}},"4":{"name":"(anonymous_5)","decl":{"start":{"line":33,"column":57},"end":{"line":33,"column":63}},"loc":{"start":{"line":33,"column":63},"end":{"line":33,"column":null}}},"5":{"name":"(anonymous_6)","decl":{"start":{"line":34,"column":55},"end":{"line":34,"column":61}},"loc":{"start":{"line":34,"column":61},"end":{"line":34,"column":null}}},"6":{"name":"(anonymous_7)","decl":{"start":{"line":35,"column":57},"end":{"line":35,"column":63}},"loc":{"start":{"line":35,"column":63},"end":{"line":35,"column":null}}},"7":{"name":"(anonymous_8)","decl":{"start":{"line":38,"column":33},"end":{"line":38,"column":null}},"loc":{"start":{"line":38,"column":33},"end":{"line":53,"column":5}}},"8":{"name":"(anonymous_9)","decl":{"start":{"line":56,"column":4},"end":{"line":56,"column":5}},"loc":{"start":{"line":56,"column":5},"end":{"line":58,"column":null}}},"9":{"name":"(anonymous_10)","decl":{"start":{"line":100,"column":26},"end":{"line":100,"column":27}},"loc":{"start":{"line":100,"column":27},"end":{"line":100,"column":null}}},"10":{"name":"(anonymous_11)","decl":{"start":{"line":119,"column":28},"end":{"line":119,"column":34}},"loc":{"start":{"line":119,"column":34},"end":{"line":119,"column":null}}},"11":{"name":"(anonymous_12)","decl":{"start":{"line":131,"column":28},"end":{"line":131,"column":34}},"loc":{"start":{"line":131,"column":34},"end":{"line":131,"column":null}}},"12":{"name":"(anonymous_13)","decl":{"start":{"line":153,"column":30},"end":{"line":153,"column":31}},"loc":{"start":{"line":153,"column":37},"end":{"line":153,"column":null}}},"13":{"name":"(anonymous_14)","decl":{"start":{"line":168,"column":30},"end":{"line":168,"column":31}},"loc":{"start":{"line":168,"column":37},"end":{"line":168,"column":null}}},"14":{"name":"(anonymous_15)","decl":{"start":{"line":182,"column":26},"end":{"line":182,"column":27}},"loc":{"start":{"line":182,"column":33},"end":{"line":182,"column":null}}},"15":{"name":"(anonymous_16)","decl":{"start":{"line":198,"column":30},"end":{"line":198,"column":31}},"loc":{"start":{"line":198,"column":37},"end":{"line":198,"column":null}}}},"branchMap":{"0":{"loc":{"start":{"line":30,"column":53},"end":{"line":30,"column":null}},"type":"binary-expr","locations":[{"start":{"line":30,"column":53},"end":{"line":30,"column":83}},{"start":{"line":30,"column":83},"end":{"line":30,"column":null}}]},"1":{"loc":{"start":{"line":31,"column":74},"end":{"line":31,"column":null}},"type":"binary-expr","locations":[{"start":{"line":31,"column":74},"end":{"line":31,"column":102}},{"start":{"line":31,"column":102},"end":{"line":31,"column":null}}]},"2":{"loc":{"start":{"line":32,"column":55},"end":{"line":32,"column":null}},"type":"binary-expr","locations":[{"start":{"line":32,"column":55},"end":{"line":32,"column":86}},{"start":{"line":32,"column":86},"end":{"line":32,"column":null}}]},"3":{"loc":{"start":{"line":33,"column":63},"end":{"line":33,"column":null}},"type":"binary-expr","locations":[{"start":{"line":33,"column":63},"end":{"line":33,"column":98}},{"start":{"line":33,"column":98},"end":{"line":33,"column":null}}]},"4":{"loc":{"start":{"line":34,"column":61},"end":{"line":34,"column":null}},"type":"binary-expr","locations":[{"start":{"line":34,"column":61},"end":{"line":34,"column":95}},{"start":{"line":34,"column":95},"end":{"line":34,"column":null}}]},"5":{"loc":{"start":{"line":35,"column":63},"end":{"line":35,"column":null}},"type":"binary-expr","locations":[{"start":{"line":35,"column":63},"end":{"line":35,"column":98}},{"start":{"line":35,"column":98},"end":{"line":35,"column":null}}]},"6":{"loc":{"start":{"line":39,"column":4},"end":{"line":42,"column":null}},"type":"if","locations":[{"start":{"line":39,"column":4},"end":{"line":42,"column":null}},{"start":{},"end":{}}]},"7":{"loc":{"start":{"line":39,"column":8},"end":{"line":39,"column":44}},"type":"binary-expr","locations":[{"start":{"line":39,"column":8},"end":{"line":39,"column":26}},{"start":{"line":39,"column":26},"end":{"line":39,"column":44}}]},"8":{"loc":{"start":{"line":57,"column":6},"end":{"line":57,"column":null}},"type":"if","locations":[{"start":{"line":57,"column":6},"end":{"line":57,"column":null}},{"start":{},"end":{}}]},"9":{"loc":{"start":{"line":62,"column":2},"end":{"line":62,"column":null}},"type":"if","locations":[{"start":{"line":62,"column":2},"end":{"line":62,"column":null}},{"start":{},"end":{}}]},"10":{"loc":{"start":{"line":79,"column":13},"end":{"line":79,"column":27}},"type":"binary-expr","locations":[{"start":{"line":79,"column":13},"end":{"line":79,"column":27}}]},"11":{"loc":{"start":{"line":102,"column":18},"end":{"line":102,"column":null}},"type":"cond-expr","locations":[{"start":{"line":102,"column":26},"end":{"line":102,"column":66}},{"start":{"line":102,"column":66},"end":{"line":102,"column":null}}]},"12":{"loc":{"start":{"line":107,"column":13},"end":{"line":107,"column":22}},"type":"binary-expr","locations":[{"start":{"line":107,"column":13},"end":{"line":107,"column":22}}]},"13":{"loc":{"start":{"line":141,"column":11},"end":{"line":141,"column":null}},"type":"binary-expr","locations":[{"start":{"line":141,"column":11},"end":{"line":141,"column":null}}]},"14":{"loc":{"start":{"line":187,"column":13},"end":{"line":187,"column":null}},"type":"binary-expr","locations":[{"start":{"line":187,"column":13},"end":{"line":187,"column":null}}]}},"s":{"0":11,"1":1,"2":1,"3":15,"4":11,"5":15,"6":11,"7":15,"8":11,"9":15,"10":11,"11":15,"12":11,"13":15,"14":11,"15":15,"16":15,"17":2,"18":1,"19":1,"20":1,"21":1,"22":1,"23":15,"24":1,"25":1,"26":15,"27":1,"28":1,"29":1,"30":0,"31":1,"32":0,"33":0,"34":1,"35":0},"f":{"0":15,"1":11,"2":11,"3":11,"4":11,"5":11,"6":11,"7":2,"8":1,"9":1,"10":0,"11":1,"12":0,"13":0,"14":1,"15":0},"b":{"0":[11,10],"1":[11,10],"2":[11,11],"3":[11,11],"4":[11,11],"5":[11,11],"6":[1,1],"7":[2,1],"8":[1,0],"9":[1,14],"10":[14],"11":[1,13],"12":[14],"13":[14],"14":[14]}}
,"/home/sirrus/projects/BTC-Trade-Engine-PaperClip/packages/web-ui/src/components/strategy-builder/InfoTooltip.tsx": {"path":"/home/sirrus/projects/BTC-Trade-Engine-PaperClip/packages/web-ui/src/components/strategy-builder/InfoTooltip.tsx","statementMap":{"0":{"start":{"line":12,"column":16},"end":{"line":12,"column":28}},"1":{"start":{"line":3,"column":33},"end":{"line":3,"column":null}},"2":{"start":{"line":4,"column":35},"end":{"line":4,"column":null}},"3":{"start":{"line":13,"column":25},"end":{"line":13,"column":null}},"4":{"start":{"line":14,"column":18},"end":{"line":14,"column":null}}},"fnMap":{"0":{"name":"InfoTooltip","decl":{"start":{"line":12,"column":16},"end":{"line":12,"column":28}},"loc":{"start":{"line":12,"column":78},"end":{"line":30,"column":null}}}},"branchMap":{"0":{"loc":{"start":{"line":12,"column":44},"end":{"line":12,"column":58}},"type":"default-arg","locations":[{"start":{"line":12,"column":56},"end":{"line":12,"column":58}}]},"1":{"loc":{"start":{"line":23,"column":7},"end":{"line":23,"column":null}},"type":"binary-expr","locations":[{"start":{"line":23,"column":7},"end":{"line":23,"column":null}}]}},"s":{"0":517,"1":11,"2":11,"3":517,"4":517},"f":{"0":517},"b":{"0":[517],"1":[517]}}
,"/home/sirrus/projects/BTC-Trade-Engine-PaperClip/packages/web-ui/src/components/strategy-builder/NewStrategyDialog.tsx": {"path":"/home/sirrus/projects/BTC-Trade-Engine-PaperClip/packages/web-ui/src/components/strategy-builder/NewStrategyDialog.tsx","statementMap":{"0":{"start":{"line":12,"column":16},"end":{"line":12,"column":34}},"1":{"start":{"line":3,"column":46},"end":{"line":3,"column":null}},"2":{"start":{"line":4,"column":33},"end":{"line":4,"column":null}},"3":{"start":{"line":5,"column":28},"end":{"line":5,"column":null}},"4":{"start":{"line":13,"column":29},"end":{"line":13,"column":null}},"5":{"start":{"line":14,"column":26},"end":{"line":14,"column":null}},"6":{"start":{"line":15,"column":40},"end":{"line":15,"column":null}},"7":{"start":{"line":16,"column":38},"end":{"line":16,"column":null}},"8":{"start":{"line":17,"column":28},"end":{"line":17,"column":null}},"9":{"start":{"line":18,"column":18},"end":{"line":18,"column":null}},"10":{"start":{"line":20,"column":23},"end":{"line":37,"column":null}},"11":{"start":{"line":21,"column":20},"end":{"line":21,"column":null}},"12":{"start":{"line":22,"column":4},"end":{"line":26,"column":null}},"13":{"start":{"line":23,"column":6},"end":{"line":23,"column":null}},"14":{"start":{"line":24,"column":6},"end":{"line":24,"column":null}},"15":{"start":{"line":25,"column":6},"end":{"line":25,"column":null}},"16":{"start":{"line":27,"column":4},"end":{"line":27,"column":null}},"17":{"start":{"line":28,"column":4},"end":{"line":28,"column":null}},"18":{"start":{"line":29,"column":4},"end":{"line":36,"column":null}},"19":{"start":{"line":30,"column":6},"end":{"line":30,"column":null}},"20":{"start":{"line":31,"column":6},"end":{"line":31,"column":null}},"21":{"start":{"line":33,"column":6},"end":{"line":33,"column":null}},"22":{"start":{"line":35,"column":6},"end":{"line":35,"column":null}},"23":{"start":{"line":39,"column":24},"end":{"line":44,"column":null}},"24":{"start":{"line":41,"column":6},"end":{"line":41,"column":null}},"25":{"start":{"line":41,"column":44},"end":{"line":41,"column":null}},"26":{"start":{"line":42,"column":6},"end":{"line":42,"column":null}},"27":{"start":{"line":42,"column":30},"end":{"line":42,"column":null}},"28":{"start":{"line":47,"column":2},"end":{"line":47,"column":null}},"29":{"start":{"line":47,"column":13},"end":{"line":47,"column":null}},"30":{"start":{"line":49,"column":16},"end":{"line":49,"column":null}},"31":{"start":{"line":92,"column":35},"end":{"line":92,"column":60}},"32":{"start":{"line":92,"column":60},"end":{"line":92,"column":76}},"33":{"start":{"line":113,"column":33},"end":{"line":113,"column":null}}},"fnMap":{"0":{"name":"NewStrategyDialog","decl":{"start":{"line":12,"column":16},"end":{"line":12,"column":34}},"loc":{"start":{"line":12,"column":75},"end":{"line":145,"column":null}}},"1":{"name":"(anonymous_2)","decl":{"start":{"line":20,"column":35},"end":{"line":20,"column":null}},"loc":{"start":{"line":20,"column":35},"end":{"line":37,"column":5}}},"2":{"name":"(anonymous_3)","decl":{"start":{"line":40,"column":4},"end":{"line":40,"column":5}},"loc":{"start":{"line":40,"column":5},"end":{"line":43,"column":null}}},"3":{"name":"(anonymous_4)","decl":{"start":{"line":92,"column":26},"end":{"line":92,"column":27}},"loc":{"start":{"line":92,"column":27},"end":{"line":92,"column":null}}},"4":{"name":"(anonymous_5)","decl":{"start":{"line":113,"column":26},"end":{"line":113,"column":27}},"loc":{"start":{"line":113,"column":33},"end":{"line":113,"column":null}}}},"branchMap":{"0":{"loc":{"start":{"line":22,"column":4},"end":{"line":26,"column":null}},"type":"if","locations":[{"start":{"line":22,"column":4},"end":{"line":26,"column":null}},{"start":{},"end":{}}]},"1":{"loc":{"start":{"line":30,"column":36},"end":{"line":30,"column":null}},"type":"binary-expr","locations":[{"start":{"line":30,"column":36},"end":{"line":30,"column":58}},{"start":{"line":30,"column":58},"end":{"line":30,"column":null}}]},"2":{"loc":{"start":{"line":33,"column":15},"end":{"line":33,"column":null}},"type":"cond-expr","locations":[{"start":{"line":33,"column":36},"end":{"line":33,"column":45}},{"start":{"line":33,"column":48},"end":{"line":33,"column":null}}]},"3":{"loc":{"start":{"line":41,"column":6},"end":{"line":41,"column":null}},"type":"if","locations":[{"start":{"line":41,"column":6},"end":{"line":41,"column":null}},{"start":{},"end":{}}]},"4":{"loc":{"start":{"line":41,"column":10},"end":{"line":41,"column":42}},"type":"binary-expr","locations":[{"start":{"line":41,"column":10},"end":{"line":41,"column":31}},{"start":{"line":41,"column":31},"end":{"line":41,"column":42}}]},"5":{"loc":{"start":{"line":42,"column":6},"end":{"line":42,"column":null}},"type":"if","locations":[{"start":{"line":42,"column":6},"end":{"line":42,"column":null}},{"start":{},"end":{}}]},"6":{"loc":{"start":{"line":47,"column":2},"end":{"line":47,"column":null}},"type":"if","locations":[{"start":{"line":47,"column":2},"end":{"line":47,"column":null}},{"start":{},"end":{}}]},"7":{"loc":{"start":{"line":96,"column":18},"end":{"line":96,"column":null}},"type":"cond-expr","locations":[{"start":{"line":96,"column":26},"end":{"line":96,"column":66}},{"start":{"line":96,"column":66},"end":{"line":96,"column":null}}]},"8":{"loc":{"start":{"line":100,"column":13},"end":{"line":100,"column":22}},"type":"binary-expr","locations":[{"start":{"line":100,"column":13},"end":{"line":100,"column":22}}]},"9":{"loc":{"start":{"line":135,"column":24},"end":{"line":135,"column":null}},"type":"binary-expr","locations":[{"start":{"line":135,"column":24},"end":{"line":135,"column":34}},{"start":{"line":135,"column":34},"end":{"line":135,"column":null}}]},"10":{"loc":{"start":{"line":138,"column":15},"end":{"line":138,"column":null}},"type":"cond-expr","locations":[{"start":{"line":138,"column":28},"end":{"line":138,"column":42}},{"start":{"line":138,"column":42},"end":{"line":138,"column":null}}]}},"s":{"0":10,"1":1,"2":1,"3":1,"4":18,"5":18,"6":18,"7":18,"8":18,"9":18,"10":18,"11":2,"12":2,"13":0,"14":0,"15":0,"16":2,"17":2,"18":2,"19":2,"20":1,"21":1,"22":2,"23":18,"24":1,"25":0,"26":1,"27":1,"28":18,"29":1,"30":17,"31":3,"32":3,"33":1},"f":{"0":18,"1":2,"2":1,"3":3,"4":1},"b":{"0":[0,2],"1":[2,1],"2":[1,0],"3":[0,1],"4":[1,0],"5":[1,0],"6":[1,17],"7":[1,16],"8":[17],"9":[17,8],"10":[2,15]}}
,"/home/sirrus/projects/BTC-Trade-Engine-PaperClip/packages/web-ui/src/components/strategy-builder/Providers.tsx": {"path":"/home/sirrus/projects/BTC-Trade-Engine-PaperClip/packages/web-ui/src/components/strategy-builder/Providers.tsx","statementMap":{"0":{"start":{"line":24,"column":16},"end":{"line":24,"column":26}},"1":{"start":{"line":11,"column":13},"end":{"line":11,"column":34}},"2":{"start":{"line":3,"column":60},"end":{"line":3,"column":null}},"3":{"start":{"line":9,"column":23},"end":{"line":9,"column":null}},"4":{"start":{"line":11,"column":34},"end":{"line":17,"column":null}},"5":{"start":{"line":12,"column":18},"end":{"line":12,"column":null}},"6":{"start":{"line":13,"column":2},"end":{"line":15,"column":null}},"7":{"start":{"line":14,"column":4},"end":{"line":14,"column":null}},"8":{"start":{"line":16,"column":2},"end":{"line":16,"column":null}},"9":{"start":{"line":25,"column":43},"end":{"line":27,"column":null}},"10":{"start":{"line":26,"column":32},"end":{"line":26,"column":44}}},"fnMap":{"0":{"name":"(anonymous_6)","decl":{"start":{"line":11,"column":34},"end":{"line":11,"column":null}},"loc":{"start":{"line":11,"column":34},"end":{"line":17,"column":null}}},"1":{"name":"Providers","decl":{"start":{"line":24,"column":16},"end":{"line":24,"column":26}},"loc":{"start":{"line":24,"column":64},"end":{"line":34,"column":null}}},"2":{"name":"(anonymous_8)","decl":{"start":{"line":26,"column":16},"end":{"line":26,"column":17}},"loc":{"start":{"line":26,"column":32},"end":{"line":26,"column":44}}}},"branchMap":{"0":{"loc":{"start":{"line":13,"column":2},"end":{"line":15,"column":null}},"type":"if","locations":[{"start":{"line":13,"column":2},"end":{"line":15,"column":null}},{"start":{},"end":{}}]}},"s":{"0":114,"1":517,"2":12,"3":12,"4":12,"5":517,"6":517,"7":0,"8":517,"9":114,"10":517},"f":{"0":517,"1":114,"2":517},"b":{"0":[0,517]}}
,"/home/sirrus/projects/BTC-Trade-Engine-PaperClip/packages/web-ui/src/components/strategy-builder/StepperRibbon.tsx": {"path":"/home/sirrus/projects/BTC-Trade-Engine-PaperClip/packages/web-ui/src/components/strategy-builder/StepperRibbon.tsx","statementMap":{"0":{"start":{"line":44,"column":16},"end":{"line":44,"column":30}},"1":{"start":{"line":3,"column":28},"end":{"line":3,"column":null}},"2":{"start":{"line":14,"column":22},"end":{"line":19,"column":null}},"3":{"start":{"line":23,"column":4},"end":{"line":23,"column":null}},"4":{"start":{"line":24,"column":17},"end":{"line":24,"column":null}},"5":{"start":{"line":25,"column":2},"end":{"line":34,"column":null}},"6":{"start":{"line":27,"column":6},"end":{"line":27,"column":null}},"7":{"start":{"line":29,"column":6},"end":{"line":29,"column":null}},"8":{"start":{"line":31,"column":6},"end":{"line":31,"column":null}},"9":{"start":{"line":33,"column":6},"end":{"line":33,"column":null}},"10":{"start":{"line":50,"column":20},"end":{"line":55,"column":null}},"11":{"start":{"line":51,"column":4},"end":{"line":51,"column":null}},"12":{"start":{"line":51,"column":28},"end":{"line":51,"column":null}},"13":{"start":{"line":52,"column":4},"end":{"line":52,"column":null}},"14":{"start":{"line":52,"column":32},"end":{"line":52,"column":null}},"15":{"start":{"line":53,"column":4},"end":{"line":53,"column":null}},"16":{"start":{"line":53,"column":28},"end":{"line":53,"column":null}},"17":{"start":{"line":54,"column":4},"end":{"line":54,"column":null}},"18":{"start":{"line":60,"column":23},"end":{"line":60,"column":null}},"19":{"start":{"line":61,"column":26},"end":{"line":61,"column":null}},"20":{"start":{"line":62,"column":8},"end":{"line":63,"column":29}},"21":{"start":{"line":67,"column":31},"end":{"line":67,"column":null}}},"fnMap":{"0":{"name":"stepClasses","decl":{"start":{"line":21,"column":9},"end":{"line":21,"column":21}},"loc":{"start":{"line":21,"column":59},"end":{"line":35,"column":null}}},"1":{"name":"StepperRibbon","decl":{"start":{"line":44,"column":16},"end":{"line":44,"column":30}},"loc":{"start":{"line":49,"column":21},"end":{"line":85,"column":null}}},"2":{"name":"(anonymous_3)","decl":{"start":{"line":50,"column":20},"end":{"line":50,"column":21}},"loc":{"start":{"line":50,"column":21},"end":{"line":55,"column":null}}},"3":{"name":"(anonymous_4)","decl":{"start":{"line":59,"column":17},"end":{"line":59,"column":18}},"loc":{"start":{"line":59,"column":24},"end":{"line":82,"column":null}}},"4":{"name":"(anonymous_5)","decl":{"start":{"line":67,"column":25},"end":{"line":67,"column":31}},"loc":{"start":{"line":67,"column":31},"end":{"line":67,"column":null}}}},"branchMap":{"0":{"loc":{"start":{"line":24,"column":17},"end":{"line":24,"column":null}},"type":"cond-expr","locations":[{"start":{"line":24,"column":29},"end":{"line":24,"column":48}},{"start":{"line":24,"column":48},"end":{"line":24,"column":null}}]},"1":{"loc":{"start":{"line":25,"column":2},"end":{"line":34,"column":null}},"type":"switch","locations":[{"start":{"line":26,"column":4},"end":{"line":27,"column":null}},{"start":{"line":28,"column":4},"end":{"line":29,"column":null}},{"start":{"line":30,"column":4},"end":{"line":31,"column":null}},{"start":{"line":32,"column":4},"end":{"line":33,"column":null}}]},"2":{"loc":{"start":{"line":46,"column":2},"end":{"line":46,"column":28}},"type":"default-arg","locations":[{"start":{"line":46,"column":19},"end":{"line":46,"column":28}}]},"3":{"loc":{"start":{"line":47,"column":2},"end":{"line":47,"column":24}},"type":"default-arg","locations":[{"start":{"line":47,"column":15},"end":{"line":47,"column":24}}]},"4":{"loc":{"start":{"line":51,"column":4},"end":{"line":51,"column":null}},"type":"if","locations":[{"start":{"line":51,"column":4},"end":{"line":51,"column":null}},{"start":{},"end":{}}]},"5":{"loc":{"start":{"line":52,"column":4},"end":{"line":52,"column":null}},"type":"if","locations":[{"start":{"line":52,"column":4},"end":{"line":52,"column":null}},{"start":{},"end":{}}]},"6":{"loc":{"start":{"line":53,"column":4},"end":{"line":53,"column":null}},"type":"if","locations":[{"start":{"line":53,"column":4},"end":{"line":53,"column":null}},{"start":{},"end":{}}]},"7":{"loc":{"start":{"line":68,"column":30},"end":{"line":68,"column":null}},"type":"cond-expr","locations":[{"start":{"line":68,"column":52},"end":{"line":68,"column":61}},{"start":{"line":68,"column":61},"end":{"line":68,"column":null}}]},"8":{"loc":{"start":{"line":73,"column":17},"end":{"line":73,"column":42}},"type":"binary-expr","locations":[{"start":{"line":73,"column":17},"end":{"line":73,"column":42}}]},"9":{"loc":{"start":{"line":74,"column":17},"end":{"line":74,"column":39}},"type":"binary-expr","locations":[{"start":{"line":74,"column":17},"end":{"line":74,"column":39}}]},"10":{"loc":{"start":{"line":77,"column":13},"end":{"line":77,"column":null}},"type":"binary-expr","locations":[{"start":{"line":77,"column":13},"end":{"line":77,"column":null}}]}},"s":{"0":12,"1":3,"2":3,"3":48,"4":48,"5":48,"6":11,"7":1,"8":1,"9":35,"10":12,"11":48,"12":1,"13":47,"14":1,"15":46,"16":11,"17":35,"18":48,"19":48,"20":48,"21":1},"f":{"0":48,"1":12,"2":48,"3":48,"4":1},"b":{"0":[48,0],"1":[11,1,1,35],"2":[6],"3":[6],"4":[1,47],"5":[1,46],"6":[11,35],"7":[11,37],"8":[48],"9":[48],"10":[48]}}
,"/home/sirrus/projects/BTC-Trade-Engine-PaperClip/packages/web-ui/src/components/strategy-builder/StrategyBlocksPanel.tsx": {"path":"/home/sirrus/projects/BTC-Trade-Engine-PaperClip/packages/web-ui/src/components/strategy-builder/StrategyBlocksPanel.tsx","statementMap":{"0":{"start":{"line":110,"column":16},"end":{"line":110,"column":null}},"1":{"start":{"line":3,"column":28},"end":{"line":3,"column":null}},"2":{"start":{"line":4,"column":33},"end":{"line":4,"column":null}},"3":{"start":{"line":5,"column":33},"end":{"line":5,"column":null}},"4":{"start":{"line":6,"column":28},"end":{"line":6,"column":null}},"5":{"start":{"line":8,"column":53},"end":{"line":16,"column":null}},"6":{"start":{"line":18,"column":47},"end":{"line":26,"column":null}},"7":{"start":{"line":49,"column":17},"end":{"line":49,"column":null}},"8":{"start":{"line":50,"column":20},"end":{"line":50,"column":63}},"9":{"start":{"line":57,"column":21},"end":{"line":57,"column":null}},"10":{"start":{"line":74,"column":79},"end":{"line":74,"column":null}},"11":{"start":{"line":78,"column":29},"end":{"line":78,"column":null}},"12":{"start":{"line":88,"column":29},"end":{"line":88,"column":null}},"13":{"start":{"line":97,"column":29},"end":{"line":97,"column":null}},"14":{"start":{"line":112,"column":4},"end":{"line":112,"column":null}},"15":{"start":{"line":114,"column":26},"end":{"line":114,"column":55}},"16":{"start":{"line":116,"column":23},"end":{"line":120,"column":null}},"17":{"start":{"line":118,"column":6},"end":{"line":118,"column":null}},"18":{"start":{"line":118,"column":21},"end":{"line":118,"column":null}},"19":{"start":{"line":123,"column":25},"end":{"line":127,"column":null}},"20":{"start":{"line":125,"column":6},"end":{"line":125,"column":null}},"21":{"start":{"line":125,"column":37},"end":{"line":125,"column":null}},"22":{"start":{"line":148,"column":12},"end":{"line":149,"column":null}}},"fnMap":{"0":{"name":"BlockItem","decl":{"start":{"line":39,"column":9},"end":{"line":39,"column":19}},"loc":{"start":{"line":48,"column":17},"end":{"line":108,"column":null}}},"1":{"name":"(anonymous_2)","decl":{"start":{"line":57,"column":15},"end":{"line":57,"column":21}},"loc":{"start":{"line":57,"column":21},"end":{"line":57,"column":null}}},"2":{"name":"(anonymous_3)","decl":{"start":{"line":74,"column":72},"end":{"line":74,"column":73}},"loc":{"start":{"line":74,"column":79},"end":{"line":74,"column":null}}},"3":{"name":"(anonymous_4)","decl":{"start":{"line":78,"column":23},"end":{"line":78,"column":29}},"loc":{"start":{"line":78,"column":29},"end":{"line":78,"column":null}}},"4":{"name":"(anonymous_5)","decl":{"start":{"line":88,"column":23},"end":{"line":88,"column":29}},"loc":{"start":{"line":88,"column":29},"end":{"line":88,"column":null}}},"5":{"name":"(anonymous_6)","decl":{"start":{"line":97,"column":23},"end":{"line":97,"column":29}},"loc":{"start":{"line":97,"column":29},"end":{"line":97,"column":null}}},"6":{"name":"StrategyBlocksPanel","decl":{"start":{"line":110,"column":16},"end":{"line":110,"column":null}},"loc":{"start":{"line":110,"column":16},"end":{"line":164,"column":null}}},"7":{"name":"(anonymous_8)","decl":{"start":{"line":117,"column":4},"end":{"line":117,"column":5}},"loc":{"start":{"line":117,"column":5},"end":{"line":119,"column":null}}},"8":{"name":"(anonymous_9)","decl":{"start":{"line":124,"column":4},"end":{"line":124,"column":5}},"loc":{"start":{"line":124,"column":5},"end":{"line":126,"column":null}}},"9":{"name":"(anonymous_10)","decl":{"start":{"line":147,"column":21},"end":{"line":147,"column":22}},"loc":{"start":{"line":148,"column":12},"end":{"line":149,"column":null}}}},"branchMap":{"0":{"loc":{"start":{"line":49,"column":17},"end":{"line":49,"column":null}},"type":"binary-expr","locations":[{"start":{"line":49,"column":17},"end":{"line":49,"column":40}},{"start":{"line":49,"column":44},"end":{"line":49,"column":null}}]},"1":{"loc":{"start":{"line":50,"column":20},"end":{"line":50,"column":63}},"type":"binary-expr","locations":[{"start":{"line":50,"column":20},"end":{"line":50,"column":49}},{"start":{"line":50,"column":53},"end":{"line":50,"column":63}}]},"2":{"loc":{"start":{"line":55,"column":8},"end":{"line":55,"column":null}},"type":"cond-expr","locations":[{"start":{"line":55,"column":21},"end":{"line":55,"column":46}},{"start":{"line":55,"column":46},"end":{"line":55,"column":null}}]},"3":{"loc":{"start":{"line":114,"column":26},"end":{"line":114,"column":55}},"type":"binary-expr","locations":[{"start":{"line":114,"column":26},"end":{"line":114,"column":53}},{"start":{"line":114,"column":53},"end":{"line":114,"column":55}}]},"4":{"loc":{"start":{"line":118,"column":6},"end":{"line":118,"column":null}},"type":"if","locations":[{"start":{"line":118,"column":6},"end":{"line":118,"column":null}},{"start":{},"end":{}}]},"5":{"loc":{"start":{"line":125,"column":6},"end":{"line":125,"column":null}},"type":"if","locations":[{"start":{"line":125,"column":6},"end":{"line":125,"column":null}},{"start":{},"end":{}}]},"6":{"loc":{"start":{"line":135,"column":70},"end":{"line":135,"column":null}},"type":"cond-expr","locations":[{"start":{"line":135,"column":92},"end":{"line":135,"column":98}},{"start":{"line":135,"column":98},"end":{"line":135,"column":null}}]},"7":{"loc":{"start":{"line":140,"column":9},"end":{"line":149,"column":null}},"type":"cond-expr","locations":[{"start":{"line":141,"column":10},"end":{"line":147,"column":17}},{"start":{"line":147,"column":10},"end":{"line":149,"column":null}}]}},"s":{"0":17,"1":3,"2":3,"3":3,"4":3,"5":3,"6":3,"7":20,"8":20,"9":1,"10":3,"11":1,"12":1,"13":1,"14":17,"15":17,"16":17,"17":1,"18":1,"19":17,"20":1,"21":1,"22":20},"f":{"0":20,"1":1,"2":3,"3":1,"4":1,"5":1,"6":17,"7":1,"8":1,"9":20},"b":{"0":[20,0],"1":[20,0],"2":[1,19],"3":[17,6],"4":[1,0],"5":[1,0],"6":[17,0],"7":[7,10]}}
,"/home/sirrus/projects/BTC-Trade-Engine-PaperClip/packages/web-ui/src/components/strategy-builder/StrategyBrowserDialog.tsx": {"path":"/home/sirrus/projects/BTC-Trade-Engine-PaperClip/packages/web-ui/src/components/strategy-builder/StrategyBrowserDialog.tsx","statementMap":{"0":{"start":{"line":22,"column":16},"end":{"line":22,"column":38}},"1":{"start":{"line":3,"column":47},"end":{"line":3,"column":null}},"2":{"start":{"line":4,"column":33},"end":{"line":4,"column":null}},"3":{"start":{"line":6,"column":28},"end":{"line":6,"column":null}},"4":{"start":{"line":8,"column":54},"end":{"line":14,"column":null}},"5":{"start":{"line":23,"column":27},"end":{"line":23,"column":null}},"6":{"start":{"line":24,"column":38},"end":{"line":24,"column":null}},"7":{"start":{"line":25,"column":30},"end":{"line":25,"column":null}},"8":{"start":{"line":26,"column":38},"end":{"line":26,"column":null}},"9":{"start":{"line":28,"column":19},"end":{"line":44,"column":null}},"10":{"start":{"line":29,"column":17},"end":{"line":29,"column":null}},"11":{"start":{"line":31,"column":4},"end":{"line":37,"column":null}},"12":{"start":{"line":32,"column":16},"end":{"line":32,"column":null}},"13":{"start":{"line":33,"column":6},"end":{"line":35,"column":null}},"14":{"start":{"line":34,"column":8},"end":{"line":35,"column":null}},"15":{"start":{"line":39,"column":4},"end":{"line":41,"column":null}},"16":{"start":{"line":39,"column":27},"end":{"line":39,"column":null}},"17":{"start":{"line":39,"column":49},"end":{"line":39,"column":null}},"18":{"start":{"line":40,"column":9},"end":{"line":41,"column":null}},"19":{"start":{"line":40,"column":35},"end":{"line":40,"column":null}},"20":{"start":{"line":40,"column":57},"end":{"line":40,"column":null}},"21":{"start":{"line":41,"column":9},"end":{"line":41,"column":null}},"22":{"start":{"line":41,"column":34},"end":{"line":41,"column":null}},"23":{"start":{"line":41,"column":56},"end":{"line":41,"column":null}},"24":{"start":{"line":43,"column":4},"end":{"line":43,"column":null}},"25":{"start":{"line":46,"column":23},"end":{"line":52,"column":null}},"26":{"start":{"line":47,"column":21},"end":{"line":47,"column":null}},"27":{"start":{"line":47,"column":46},"end":{"line":47,"column":null}},"28":{"start":{"line":48,"column":4},"end":{"line":51,"column":null}},"29":{"start":{"line":49,"column":6},"end":{"line":49,"column":null}},"30":{"start":{"line":50,"column":6},"end":{"line":50,"column":null}},"31":{"start":{"line":54,"column":24},"end":{"line":59,"column":null}},"32":{"start":{"line":56,"column":6},"end":{"line":56,"column":null}},"33":{"start":{"line":56,"column":30},"end":{"line":56,"column":null}},"34":{"start":{"line":57,"column":6},"end":{"line":57,"column":null}},"35":{"start":{"line":57,"column":43},"end":{"line":57,"column":null}},"36":{"start":{"line":62,"column":2},"end":{"line":62,"column":null}},"37":{"start":{"line":62,"column":13},"end":{"line":62,"column":null}},"38":{"start":{"line":92,"column":31},"end":{"line":92,"column":null}},"39":{"start":{"line":100,"column":31},"end":{"line":100,"column":null}},"40":{"start":{"line":119,"column":16},"end":{"line":120,"column":null}},"41":{"start":{"line":121,"column":33},"end":{"line":121,"column":null}}},"fnMap":{"0":{"name":"StrategyBrowserDialog","decl":{"start":{"line":22,"column":16},"end":{"line":22,"column":38}},"loc":{"start":{"line":22,"column":93},"end":{"line":173,"column":null}}},"1":{"name":"(anonymous_2)","decl":{"start":{"line":28,"column":27},"end":{"line":28,"column":null}},"loc":{"start":{"line":28,"column":27},"end":{"line":44,"column":5}}},"2":{"name":"(anonymous_3)","decl":{"start":{"line":33,"column":29},"end":{"line":33,"column":30}},"loc":{"start":{"line":34,"column":8},"end":{"line":35,"column":null}}},"3":{"name":"(anonymous_4)","decl":{"start":{"line":39,"column":39},"end":{"line":39,"column":40}},"loc":{"start":{"line":39,"column":49},"end":{"line":39,"column":null}}},"4":{"name":"(anonymous_5)","decl":{"start":{"line":40,"column":47},"end":{"line":40,"column":48}},"loc":{"start":{"line":40,"column":57},"end":{"line":40,"column":null}}},"5":{"name":"(anonymous_6)","decl":{"start":{"line":41,"column":46},"end":{"line":41,"column":47}},"loc":{"start":{"line":41,"column":56},"end":{"line":41,"column":null}}},"6":{"name":"(anonymous_7)","decl":{"start":{"line":46,"column":35},"end":{"line":46,"column":null}},"loc":{"start":{"line":46,"column":35},"end":{"line":52,"column":5}}},"7":{"name":"(anonymous_8)","decl":{"start":{"line":47,"column":39},"end":{"line":47,"column":40}},"loc":{"start":{"line":47,"column":46},"end":{"line":47,"column":null}}},"8":{"name":"(anonymous_9)","decl":{"start":{"line":55,"column":4},"end":{"line":55,"column":5}},"loc":{"start":{"line":55,"column":5},"end":{"line":58,"column":null}}},"9":{"name":"(anonymous_10)","decl":{"start":{"line":92,"column":24},"end":{"line":92,"column":25}},"loc":{"start":{"line":92,"column":31},"end":{"line":92,"column":null}}},"10":{"name":"(anonymous_11)","decl":{"start":{"line":100,"column":24},"end":{"line":100,"column":25}},"loc":{"start":{"line":100,"column":31},"end":{"line":100,"column":null}}},"11":{"name":"(anonymous_12)","decl":{"start":{"line":118,"column":28},"end":{"line":118,"column":29}},"loc":{"start":{"line":119,"column":16},"end":{"line":120,"column":null}}},"12":{"name":"(anonymous_13)","decl":{"start":{"line":121,"column":27},"end":{"line":121,"column":33}},"loc":{"start":{"line":121,"column":33},"end":{"line":121,"column":null}}}},"branchMap":{"0":{"loc":{"start":{"line":31,"column":4},"end":{"line":37,"column":null}},"type":"if","locations":[{"start":{"line":31,"column":4},"end":{"line":37,"column":null}},{"start":{},"end":{}}]},"1":{"loc":{"start":{"line":34,"column":8},"end":{"line":35,"column":null}},"type":"binary-expr","locations":[{"start":{"line":34,"column":8},"end":{"line":34,"column":null}},{"start":{"line":35,"column":9},"end":{"line":35,"column":53}},{"start":{"line":35,"column":53},"end":{"line":35,"column":57}}]},"2":{"loc":{"start":{"line":39,"column":4},"end":{"line":41,"column":null}},"type":"if","locations":[{"start":{"line":39,"column":4},"end":{"line":41,"column":null}},{"start":{"line":40,"column":9},"end":{"line":41,"column":null}}]},"3":{"loc":{"start":{"line":40,"column":9},"end":{"line":41,"column":null}},"type":"if","locations":[{"start":{"line":40,"column":9},"end":{"line":41,"column":null}},{"start":{"line":41,"column":9},"end":{"line":41,"column":null}}]},"4":{"loc":{"start":{"line":41,"column":9},"end":{"line":41,"column":null}},"type":"if","locations":[{"start":{"line":41,"column":9},"end":{"line":41,"column":null}},{"start":{},"end":{}}]},"5":{"loc":{"start":{"line":48,"column":4},"end":{"line":51,"column":null}},"type":"if","locations":[{"start":{"line":48,"column":4},"end":{"line":51,"column":null}},{"start":{},"end":{}}]},"6":{"loc":{"start":{"line":56,"column":6},"end":{"line":56,"column":null}},"type":"if","locations":[{"start":{"line":56,"column":6},"end":{"line":56,"column":null}},{"start":{},"end":{}}]},"7":{"loc":{"start":{"line":57,"column":6},"end":{"line":57,"column":null}},"type":"if","locations":[{"start":{"line":57,"column":6},"end":{"line":57,"column":null}},{"start":{},"end":{}}]},"8":{"loc":{"start":{"line":57,"column":10},"end":{"line":57,"column":43}},"type":"binary-expr","locations":[{"start":{"line":57,"column":10},"end":{"line":57,"column":31}},{"start":{"line":57,"column":31},"end":{"line":57,"column":43}}]},"9":{"loc":{"start":{"line":62,"column":2},"end":{"line":62,"column":null}},"type":"if","locations":[{"start":{"line":62,"column":2},"end":{"line":62,"column":null}},{"start":{},"end":{}}]},"10":{"loc":{"start":{"line":113,"column":12},"end":{"line":117,"column":13}},"type":"cond-expr","locations":[{"start":{"line":113,"column":12},"end":{"line":117,"column":13}}]},"11":{"loc":{"start":{"line":114,"column":15},"end":{"line":114,"column":null}},"type":"cond-expr","locations":[{"start":{"line":114,"column":43},"end":{"line":114,"column":65}},{"start":{"line":114,"column":65},"end":{"line":114,"column":null}}]},"12":{"loc":{"start":{"line":123,"column":20},"end":{"line":125,"column":null}},"type":"cond-expr","locations":[{"start":{"line":124,"column":24},"end":{"line":124,"column":null}},{"start":{"line":125,"column":24},"end":{"line":125,"column":null}}]},"13":{"loc":{"start":{"line":131,"column":23},"end":{"line":131,"column":43}},"type":"binary-expr","locations":[{"start":{"line":131,"column":23},"end":{"line":131,"column":43}}]},"14":{"loc":{"start":{"line":135,"column":61},"end":{"line":135,"column":null}},"type":"cond-expr","locations":[{"start":{"line":135,"column":92},"end":{"line":135,"column":98}},{"start":{"line":135,"column":98},"end":{"line":135,"column":null}}]}},"s":{"0":12,"1":1,"2":1,"3":1,"4":1,"5":16,"6":16,"7":16,"8":16,"9":16,"10":14,"11":14,"12":2,"13":2,"14":3,"15":14,"16":0,"17":0,"18":14,"19":14,"20":2,"21":0,"22":0,"23":0,"24":14,"25":16,"26":2,"27":2,"28":2,"29":2,"30":2,"31":16,"32":2,"33":1,"34":2,"35":1,"36":16,"37":1,"38":2,"39":0,"40":15,"41":2},"f":{"0":16,"1":14,"2":3,"3":0,"4":2,"5":0,"6":2,"7":2,"8":2,"9":2,"10":0,"11":15,"12":2},"b":{"0":[2,12],"1":[3,2,0],"2":[0,14],"3":[14,0],"4":[0,0],"5":[2,0],"6":[1,1],"7":[1,1],"8":[2,1],"9":[1,15],"10":[2],"11":[1,1],"12":[2,13],"13":[15],"14":[15,0]}}
,"/home/sirrus/projects/BTC-Trade-Engine-PaperClip/packages/web-ui/src/components/strategy-builder/StrategyBuilder.tsx": {"path":"/home/sirrus/projects/BTC-Trade-Engine-PaperClip/packages/web-ui/src/components/strategy-builder/StrategyBuilder.tsx","statementMap":{"0":{"start":{"line":63,"column":16},"end":{"line":63,"column":32}},"1":{"start":{"line":3,"column":49},"end":{"line":3,"column":null}},"2":{"start":{"line":4,"column":33},"end":{"line":4,"column":null}},"3":{"start":{"line":5,"column":28},"end":{"line":5,"column":null}},"4":{"start":{"line":6,"column":33},"end":{"line":6,"column":null}},"5":{"start":{"line":7,"column":36},"end":{"line":7,"column":null}},"6":{"start":{"line":8,"column":30},"end":{"line":8,"column":null}},"7":{"start":{"line":9,"column":34},"end":{"line":9,"column":null}},"8":{"start":{"line":10,"column":32},"end":{"line":10,"column":null}},"9":{"start":{"line":13,"column":75},"end":{"line":13,"column":null}},"10":{"start":{"line":15,"column":21},"end":{"line":15,"column":null}},"11":{"start":{"line":15,"column":39},"end":{"line":15,"column":76}},"12":{"start":{"line":16,"column":25},"end":{"line":16,"column":null}},"13":{"start":{"line":16,"column":43},"end":{"line":16,"column":84}},"14":{"start":{"line":17,"column":25},"end":{"line":26,"column":null}},"15":{"start":{"line":18,"column":4},"end":{"line":18,"column":null}},"16":{"start":{"line":18,"column":26},"end":{"line":18,"column":null}},"17":{"start":{"line":19,"column":4},"end":{"line":25,"column":null}},"18":{"start":{"line":71,"column":6},"end":{"line":71,"column":null}},"19":{"start":{"line":73,"column":40},"end":{"line":73,"column":null}},"20":{"start":{"line":74,"column":27},"end":{"line":74,"column":null}},"21":{"start":{"line":75,"column":23},"end":{"line":75,"column":null}},"22":{"start":{"line":77,"column":2},"end":{"line":86,"column":null}},"23":{"start":{"line":78,"column":4},"end":{"line":84,"column":null}},"24":{"start":{"line":79,"column":6},"end":{"line":79,"column":null}},"25":{"start":{"line":81,"column":6},"end":{"line":83,"column":null}},"26":{"start":{"line":82,"column":8},"end":{"line":82,"column":null}},"27":{"start":{"line":85,"column":4},"end":{"line":85,"column":null}},"28":{"start":{"line":88,"column":2},"end":{"line":94,"column":null}},"29":{"start":{"line":96,"column":2},"end":{"line":102,"column":null}}},"fnMap":{"0":{"name":"ActionBar","decl":{"start":{"line":12,"column":9},"end":{"line":12,"column":null}},"loc":{"start":{"line":12,"column":9},"end":{"line":57,"column":null}}},"1":{"name":"(anonymous_2)","decl":{"start":{"line":15,"column":33},"end":{"line":15,"column":39}},"loc":{"start":{"line":15,"column":39},"end":{"line":15,"column":76}}},"2":{"name":"(anonymous_3)","decl":{"start":{"line":16,"column":37},"end":{"line":16,"column":43}},"loc":{"start":{"line":16,"column":43},"end":{"line":16,"column":84}}},"3":{"name":"(anonymous_4)","decl":{"start":{"line":17,"column":37},"end":{"line":17,"column":null}},"loc":{"start":{"line":17,"column":37},"end":{"line":26,"column":5}}},"4":{"name":"StrategyBuilder","decl":{"start":{"line":63,"column":16},"end":{"line":63,"column":32}},"loc":{"start":{"line":63,"column":68},"end":{"line":139,"column":null}}},"5":{"name":"(anonymous_6)","decl":{"start":{"line":77,"column":12},"end":{"line":77,"column":null}},"loc":{"start":{"line":77,"column":12},"end":{"line":86,"column":5}}}},"branchMap":{"0":{"loc":{"start":{"line":18,"column":4},"end":{"line":18,"column":null}},"type":"if","locations":[{"start":{"line":18,"column":4},"end":{"line":18,"column":null}},{"start":{},"end":{}}]},"1":{"loc":{"start":{"line":78,"column":4},"end":{"line":84,"column":null}},"type":"if","locations":[{"start":{"line":78,"column":4},"end":{"line":84,"column":null}},{"start":{"line":80,"column":11},"end":{"line":84,"column":null}}]},"2":{"loc":{"start":{"line":81,"column":6},"end":{"line":83,"column":null}},"type":"if","locations":[{"start":{"line":81,"column":6},"end":{"line":83,"column":null}},{"start":{},"end":{}}]},"3":{"loc":{"start":{"line":88,"column":2},"end":{"line":94,"column":null}},"type":"if","locations":[{"start":{"line":88,"column":2},"end":{"line":94,"column":null}},{"start":{},"end":{}}]},"4":{"loc":{"start":{"line":96,"column":2},"end":{"line":102,"column":null}},"type":"if","locations":[{"start":{"line":96,"column":2},"end":{"line":102,"column":null}},{"start":{},"end":{}}]}},"s":{"0":7,"1":2,"2":2,"3":2,"4":2,"5":2,"6":2,"7":2,"8":2,"9":5,"10":5,"11":0,"12":5,"13":0,"14":5,"15":0,"16":0,"17":0,"18":7,"19":7,"20":7,"21":7,"22":7,"23":7,"24":1,"25":6,"26":6,"27":7,"28":7,"29":6},"f":{"0":5,"1":0,"2":0,"3":0,"4":7,"5":7},"b":{"0":[0,0],"1":[1,6],"2":[6,0],"3":[1,6],"4":[1,5]}}
,"/home/sirrus/projects/BTC-Trade-Engine-PaperClip/packages/web-ui/src/components/strategy-builder/StrategyBuilderPage.tsx": {"path":"/home/sirrus/projects/BTC-Trade-Engine-PaperClip/packages/web-ui/src/components/strategy-builder/StrategyBuilderPage.tsx","statementMap":{"0":{"start":{"line":14,"column":16},"end":{"line":14,"column":null}},"1":{"start":{"line":3,"column":25},"end":{"line":3,"column":null}},"2":{"start":{"line":4,"column":32},"end":{"line":4,"column":null}},"3":{"start":{"line":5,"column":32},"end":{"line":5,"column":null}},"4":{"start":{"line":8,"column":23},"end":{"line":8,"column":null}},"5":{"start":{"line":9,"column":21},"end":{"line":9,"column":null}}},"fnMap":{"0":{"name":"StrategyBuilderContent","decl":{"start":{"line":7,"column":9},"end":{"line":7,"column":null}},"loc":{"start":{"line":7,"column":9},"end":{"line":12,"column":null}}},"1":{"name":"StrategyBuilderPageWrapper","decl":{"start":{"line":14,"column":16},"end":{"line":14,"column":null}},"loc":{"start":{"line":14,"column":16},"end":{"line":20,"column":null}}}},"branchMap":{"0":{"loc":{"start":{"line":11,"column":38},"end":{"line":11,"column":null}},"type":"binary-expr","locations":[{"start":{"line":11,"column":38},"end":{"line":11,"column":52}},{"start":{"line":11,"column":52},"end":{"line":11,"column":null}}]}},"s":{"0":1,"1":1,"2":1,"3":1,"4":1,"5":1},"f":{"0":1,"1":1},"b":{"0":[1,1]}}
,"/home/sirrus/projects/BTC-Trade-Engine-PaperClip/packages/web-ui/src/components/strategy-builder/StrategyInfoPanel.tsx": {"path":"/home/sirrus/projects/BTC-Trade-Engine-PaperClip/packages/web-ui/src/components/strategy-builder/StrategyInfoPanel.tsx","statementMap":{"0":{"start":{"line":25,"column":16},"end":{"line":25,"column":null}},"1":{"start":{"line":3,"column":28},"end":{"line":3,"column":null}},"2":{"start":{"line":4,"column":33},"end":{"line":4,"column":null}},"3":{"start":{"line":5,"column":31},"end":{"line":5,"column":null}},"4":{"start":{"line":6,"column":28},"end":{"line":6,"column":null}},"5":{"start":{"line":8,"column":81},"end":{"line":14,"column":null}},"6":{"start":{"line":26,"column":68},"end":{"line":26,"column":null}},"7":{"start":{"line":28,"column":27},"end":{"line":36,"column":null}},"8":{"start":{"line":30,"column":6},"end":{"line":30,"column":null}},"9":{"start":{"line":30,"column":61},"end":{"line":30,"column":null}},"10":{"start":{"line":33,"column":6},"end":{"line":33,"column":null}},"11":{"start":{"line":34,"column":6},"end":{"line":34,"column":17}},"12":{"start":{"line":39,"column":32},"end":{"line":43,"column":null}},"13":{"start":{"line":41,"column":6},"end":{"line":41,"column":null}},"14":{"start":{"line":46,"column":2},"end":{"line":52,"column":null}},"15":{"start":{"line":54,"column":80},"end":{"line":54,"column":null}},"16":{"start":{"line":55,"column":16},"end":{"line":55,"column":74}},"17":{"start":{"line":57,"column":22},"end":{"line":57,"column":79}},"18":{"start":{"line":57,"column":43},"end":{"line":57,"column":73}},"19":{"start":{"line":58,"column":21},"end":{"line":58,"column":77}},"20":{"start":{"line":58,"column":42},"end":{"line":58,"column":71}},"21":{"start":{"line":59,"column":22},"end":{"line":59,"column":35}},"22":{"start":{"line":61,"column":14},"end":{"line":62,"column":null}},"23":{"start":{"line":62,"column":4},"end":{"line":62,"column":null}},"24":{"start":{"line":64,"column":21},"end":{"line":64,"column":null}},"25":{"start":{"line":85,"column":31},"end":{"line":85,"column":null}},"26":{"start":{"line":104,"column":33},"end":{"line":104,"column":null}},"27":{"start":{"line":108,"column":18},"end":{"line":108,"column":35}},"28":{"start":{"line":122,"column":16},"end":{"line":122,"column":33}}},"fnMap":{"0":{"name":"Field","decl":{"start":{"line":16,"column":9},"end":{"line":16,"column":15}},"loc":{"start":{"line":16,"column":80},"end":{"line":23,"column":null}}},"1":{"name":"StrategyInfoPanel","decl":{"start":{"line":25,"column":16},"end":{"line":25,"column":null}},"loc":{"start":{"line":25,"column":16},"end":{"line":170,"column":null}}},"2":{"name":"(anonymous_3)","decl":{"start":{"line":29,"column":4},"end":{"line":29,"column":11}},"loc":{"start":{"line":29,"column":11},"end":{"line":35,"column":null}}},"3":{"name":"(anonymous_4)","decl":{"start":{"line":40,"column":4},"end":{"line":40,"column":5}},"loc":{"start":{"line":40,"column":5},"end":{"line":42,"column":null}}},"4":{"name":"(anonymous_5)","decl":{"start":{"line":57,"column":36},"end":{"line":57,"column":37}},"loc":{"start":{"line":57,"column":43},"end":{"line":57,"column":73}}},"5":{"name":"(anonymous_6)","decl":{"start":{"line":58,"column":35},"end":{"line":58,"column":36}},"loc":{"start":{"line":58,"column":42},"end":{"line":58,"column":71}}},"6":{"name":"(anonymous_7)","decl":{"start":{"line":61,"column":14},"end":{"line":61,"column":15}},"loc":{"start":{"line":62,"column":4},"end":{"line":62,"column":null}}},"7":{"name":"(anonymous_8)","decl":{"start":{"line":85,"column":24},"end":{"line":85,"column":25}},"loc":{"start":{"line":85,"column":31},"end":{"line":85,"column":null}}},"8":{"name":"(anonymous_9)","decl":{"start":{"line":104,"column":26},"end":{"line":104,"column":27}},"loc":{"start":{"line":104,"column":33},"end":{"line":104,"column":null}}},"9":{"name":"(anonymous_10)","decl":{"start":{"line":107,"column":32},"end":{"line":107,"column":33}},"loc":{"start":{"line":108,"column":18},"end":{"line":108,"column":35}}},"10":{"name":"(anonymous_11)","decl":{"start":{"line":121,"column":20},"end":{"line":121,"column":21}},"loc":{"start":{"line":122,"column":16},"end":{"line":122,"column":33}}}},"branchMap":{"0":{"loc":{"start":{"line":30,"column":6},"end":{"line":30,"column":null}},"type":"if","locations":[{"start":{"line":30,"column":6},"end":{"line":30,"column":null}},{"start":{},"end":{}}]},"1":{"loc":{"start":{"line":30,"column":10},"end":{"line":30,"column":59}},"type":"binary-expr","locations":[{"start":{"line":30,"column":10},"end":{"line":30,"column":30}},{"start":{"line":30,"column":30},"end":{"line":30,"column":59}}]},"2":{"loc":{"start":{"line":46,"column":2},"end":{"line":52,"column":null}},"type":"if","locations":[{"start":{"line":46,"column":2},"end":{"line":52,"column":null}},{"start":{},"end":{}}]},"3":{"loc":{"start":{"line":55,"column":16},"end":{"line":55,"column":74}},"type":"binary-expr","locations":[{"start":{"line":55,"column":16},"end":{"line":55,"column":36}},{"start":{"line":55,"column":40},"end":{"line":55,"column":74}}]},"4":{"loc":{"start":{"line":93,"column":11},"end":{"line":93,"column":null}},"type":"binary-expr","locations":[{"start":{"line":93,"column":11},"end":{"line":93,"column":null}}]},"5":{"loc":{"start":{"line":131,"column":11},"end":{"line":131,"column":32}},"type":"binary-expr","locations":[{"start":{"line":131,"column":11},"end":{"line":131,"column":32}}]},"6":{"loc":{"start":{"line":138,"column":11},"end":{"line":138,"column":34}},"type":"binary-expr","locations":[{"start":{"line":138,"column":11},"end":{"line":138,"column":34}}]},"7":{"loc":{"start":{"line":141,"column":17},"end":{"line":141,"column":null}},"type":"binary-expr","locations":[{"start":{"line":141,"column":17},"end":{"line":141,"column":null}}]},"8":{"loc":{"start":{"line":147,"column":17},"end":{"line":147,"column":null}},"type":"binary-expr","locations":[{"start":{"line":147,"column":17},"end":{"line":147,"column":null}}]},"9":{"loc":{"start":{"line":153,"column":17},"end":{"line":153,"column":null}},"type":"binary-expr","locations":[{"start":{"line":153,"column":17},"end":{"line":153,"column":null}}]}},"s":{"0":17,"1":3,"2":3,"3":3,"4":3,"5":3,"6":17,"7":17,"8":0,"9":0,"10":0,"11":0,"12":17,"13":1,"14":17,"15":11,"16":11,"17":11,"18":33,"19":11,"20":33,"21":11,"22":11,"23":22,"24":11,"25":0,"26":1,"27":88,"28":33},"f":{"0":88,"1":17,"2":0,"3":1,"4":33,"5":33,"6":22,"7":0,"8":1,"9":88,"10":33},"b":{"0":[0,0],"1":[0,0],"2":[6,11],"3":[11,0],"4":[11],"5":[11],"6":[11],"7":[11],"8":[11],"9":[11]}}
,"/home/sirrus/projects/BTC-Trade-Engine-PaperClip/packages/web-ui/src/components/strategy-builder/ValidationPanel.tsx": {"path":"/home/sirrus/projects/BTC-Trade-Engine-PaperClip/packages/web-ui/src/components/strategy-builder/ValidationPanel.tsx","statementMap":{"0":{"start":{"line":56,"column":16},"end":{"line":56,"column":null}},"1":{"start":{"line":3,"column":28},"end":{"line":3,"column":null}},"2":{"start":{"line":4,"column":33},"end":{"line":4,"column":null}},"3":{"start":{"line":5,"column":51},"end":{"line":5,"column":null}},"4":{"start":{"line":6,"column":28},"end":{"line":6,"column":null}},"5":{"start":{"line":8,"column":101},"end":{"line":24,"column":null}},"6":{"start":{"line":32,"column":16},"end":{"line":32,"column":43}},"7":{"start":{"line":36,"column":21},"end":{"line":36,"column":null}},"8":{"start":{"line":50,"column":19},"end":{"line":50,"column":83}},"9":{"start":{"line":50,"column":42},"end":{"line":50,"column":75}},"10":{"start":{"line":51,"column":19},"end":{"line":51,"column":85}},"11":{"start":{"line":51,"column":42},"end":{"line":51,"column":77}},"12":{"start":{"line":52,"column":19},"end":{"line":52,"column":82}},"13":{"start":{"line":52,"column":42},"end":{"line":52,"column":74}},"14":{"start":{"line":53,"column":2},"end":{"line":53,"column":null}},"15":{"start":{"line":58,"column":4},"end":{"line":58,"column":null}},"16":{"start":{"line":60,"column":29},"end":{"line":64,"column":null}},"17":{"start":{"line":62,"column":6},"end":{"line":62,"column":null}},"18":{"start":{"line":62,"column":34},"end":{"line":62,"column":null}},"19":{"start":{"line":67,"column":38},"end":{"line":67,"column":null}},"20":{"start":{"line":68,"column":22},"end":{"line":68,"column":null}},"21":{"start":{"line":92,"column":27},"end":{"line":92,"column":null}},"22":{"start":{"line":121,"column":10},"end":{"line":121,"column":35}}},"fnMap":{"0":{"name":"MessageRow","decl":{"start":{"line":31,"column":9},"end":{"line":31,"column":20}},"loc":{"start":{"line":31,"column":57},"end":{"line":47,"column":null}}},"1":{"name":"(anonymous_2)","decl":{"start":{"line":36,"column":15},"end":{"line":36,"column":21}},"loc":{"start":{"line":36,"column":21},"end":{"line":36,"column":null}}},"2":{"name":"summarize","decl":{"start":{"line":49,"column":9},"end":{"line":49,"column":19}},"loc":{"start":{"line":49,"column":48},"end":{"line":54,"column":null}}},"3":{"name":"(anonymous_4)","decl":{"start":{"line":50,"column":35},"end":{"line":50,"column":36}},"loc":{"start":{"line":50,"column":42},"end":{"line":50,"column":75}}},"4":{"name":"(anonymous_5)","decl":{"start":{"line":51,"column":35},"end":{"line":51,"column":36}},"loc":{"start":{"line":51,"column":42},"end":{"line":51,"column":77}}},"5":{"name":"(anonymous_6)","decl":{"start":{"line":52,"column":35},"end":{"line":52,"column":36}},"loc":{"start":{"line":52,"column":42},"end":{"line":52,"column":74}}},"6":{"name":"ValidationPanel","decl":{"start":{"line":56,"column":16},"end":{"line":56,"column":null}},"loc":{"start":{"line":56,"column":16},"end":{"line":126,"column":null}}},"7":{"name":"(anonymous_8)","decl":{"start":{"line":61,"column":4},"end":{"line":61,"column":5}},"loc":{"start":{"line":61,"column":5},"end":{"line":63,"column":null}}},"8":{"name":"(anonymous_9)","decl":{"start":{"line":92,"column":21},"end":{"line":92,"column":27}},"loc":{"start":{"line":92,"column":27},"end":{"line":92,"column":null}}},"9":{"name":"(anonymous_10)","decl":{"start":{"line":120,"column":32},"end":{"line":120,"column":33}},"loc":{"start":{"line":121,"column":10},"end":{"line":121,"column":35}}}},"branchMap":{"0":{"loc":{"start":{"line":42,"column":7},"end":{"line":42,"column":null}},"type":"binary-expr","locations":[{"start":{"line":42,"column":7},"end":{"line":42,"column":null}}]},"1":{"loc":{"start":{"line":62,"column":6},"end":{"line":62,"column":null}},"type":"if","locations":[{"start":{"line":62,"column":6},"end":{"line":62,"column":null}},{"start":{},"end":{}}]},"2":{"loc":{"start":{"line":76,"column":9},"end":{"line":76,"column":null}},"type":"binary-expr","locations":[{"start":{"line":76,"column":9},"end":{"line":76,"column":null}}]},"3":{"loc":{"start":{"line":78,"column":13},"end":{"line":78,"column":null}},"type":"binary-expr","locations":[{"start":{"line":78,"column":13},"end":{"line":78,"column":null}}]},"4":{"loc":{"start":{"line":79,"column":72},"end":{"line":79,"column":null}},"type":"cond-expr","locations":[{"start":{"line":79,"column":87},"end":{"line":79,"column":93}},{"start":{"line":79,"column":93},"end":{"line":79,"column":null}}]},"5":{"loc":{"start":{"line":81,"column":13},"end":{"line":81,"column":null}},"type":"binary-expr","locations":[{"start":{"line":81,"column":13},"end":{"line":81,"column":null}}]},"6":{"loc":{"start":{"line":82,"column":78},"end":{"line":82,"column":null}},"type":"cond-expr","locations":[{"start":{"line":82,"column":95},"end":{"line":82,"column":101}},{"start":{"line":82,"column":101},"end":{"line":82,"column":null}}]},"7":{"loc":{"start":{"line":84,"column":13},"end":{"line":84,"column":null}},"type":"binary-expr","locations":[{"start":{"line":84,"column":13},"end":{"line":84,"column":null}}]},"8":{"loc":{"start":{"line":96,"column":13},"end":{"line":96,"column":null}},"type":"cond-expr","locations":[{"start":{"line":96,"column":28},"end":{"line":96,"column":44}},{"start":{"line":96,"column":44},"end":{"line":96,"column":null}}]},"9":{"loc":{"start":{"line":100,"column":9},"end":{"line":100,"column":null}},"type":"binary-expr","locations":[{"start":{"line":100,"column":9},"end":{"line":100,"column":null}}]},"10":{"loc":{"start":{"line":114,"column":9},"end":{"line":114,"column":25}},"type":"binary-expr","locations":[{"start":{"line":114,"column":9},"end":{"line":114,"column":25}},{"start":{"line":114,"column":25},"end":{"line":114,"column":null}}]},"11":{"loc":{"start":{"line":117,"column":9},"end":{"line":117,"column":null}},"type":"binary-expr","locations":[{"start":{"line":117,"column":9},"end":{"line":117,"column":null}}]}},"s":{"0":17,"1":3,"2":3,"3":3,"4":3,"5":3,"6":8,"7":1,"8":17,"9":8,"10":17,"11":8,"12":17,"13":8,"14":17,"15":17,"16":17,"17":1,"18":1,"19":17,"20":17,"21":1,"22":8},"f":{"0":8,"1":1,"2":17,"3":8,"4":8,"5":8,"6":17,"7":1,"8":1,"9":8},"b":{"0":[8],"1":[1,0],"2":[17],"3":[7],"4":[0,4],"5":[7],"6":[0,2],"7":[7],"8":[1,16],"9":[17],"10":[17,10],"11":[17]}}
,"/home/sirrus/projects/BTC-Trade-Engine-PaperClip/packages/web-ui/src/components/strategy-builder/ValidationReportWindow.tsx": {"path":"/home/sirrus/projects/BTC-Trade-Engine-PaperClip/packages/web-ui/src/components/strategy-builder/ValidationReportWindow.tsx","statementMap":{"0":{"start":{"line":18,"column":16},"end":{"line":18,"column":39}},"1":{"start":{"line":3,"column":24},"end":{"line":3,"column":null}},"2":{"start":{"line":4,"column":33},"end":{"line":4,"column":null}},"3":{"start":{"line":5,"column":32},"end":{"line":5,"column":null}},"4":{"start":{"line":7,"column":54},"end":{"line":11,"column":null}},"5":{"start":{"line":19,"column":65},"end":{"line":19,"column":null}},"6":{"start":{"line":21,"column":18},"end":{"line":26,"column":null}},"7":{"start":{"line":22,"column":19},"end":{"line":22,"column":null}},"8":{"start":{"line":22,"column":52},"end":{"line":22,"column":85}},"9":{"start":{"line":23,"column":21},"end":{"line":23,"column":null}},"10":{"start":{"line":23,"column":54},"end":{"line":23,"column":89}},"11":{"start":{"line":24,"column":18},"end":{"line":24,"column":null}},"12":{"start":{"line":24,"column":51},"end":{"line":24,"column":83}},"13":{"start":{"line":25,"column":4},"end":{"line":25,"column":null}},"14":{"start":{"line":28,"column":16},"end":{"line":28,"column":41}},"15":{"start":{"line":29,"column":19},"end":{"line":29,"column":null}},"16":{"start":{"line":31,"column":2},"end":{"line":31,"column":null}},"17":{"start":{"line":31,"column":13},"end":{"line":31,"column":null}},"18":{"start":{"line":64,"column":27},"end":{"line":64,"column":null}},"19":{"start":{"line":85,"column":22},"end":{"line":85,"column":40}},"20":{"start":{"line":99,"column":22},"end":{"line":99,"column":40}},"21":{"start":{"line":113,"column":22},"end":{"line":113,"column":40}}},"fnMap":{"0":{"name":"ValidationReportWindow","decl":{"start":{"line":18,"column":16},"end":{"line":18,"column":39}},"loc":{"start":{"line":18,"column":85},"end":{"line":142,"column":null}}},"1":{"name":"(anonymous_2)","decl":{"start":{"line":21,"column":26},"end":{"line":21,"column":null}},"loc":{"start":{"line":21,"column":26},"end":{"line":26,"column":5}}},"2":{"name":"(anonymous_3)","decl":{"start":{"line":22,"column":45},"end":{"line":22,"column":46}},"loc":{"start":{"line":22,"column":52},"end":{"line":22,"column":85}}},"3":{"name":"(anonymous_4)","decl":{"start":{"line":23,"column":47},"end":{"line":23,"column":48}},"loc":{"start":{"line":23,"column":54},"end":{"line":23,"column":89}}},"4":{"name":"(anonymous_5)","decl":{"start":{"line":24,"column":44},"end":{"line":24,"column":45}},"loc":{"start":{"line":24,"column":51},"end":{"line":24,"column":83}}},"5":{"name":"(anonymous_6)","decl":{"start":{"line":64,"column":21},"end":{"line":64,"column":27}},"loc":{"start":{"line":64,"column":27},"end":{"line":64,"column":null}}},"6":{"name":"(anonymous_7)","decl":{"start":{"line":84,"column":40},"end":{"line":84,"column":41}},"loc":{"start":{"line":85,"column":22},"end":{"line":85,"column":40}}},"7":{"name":"(anonymous_8)","decl":{"start":{"line":98,"column":42},"end":{"line":98,"column":43}},"loc":{"start":{"line":99,"column":22},"end":{"line":99,"column":40}}},"8":{"name":"(anonymous_9)","decl":{"start":{"line":112,"column":39},"end":{"line":112,"column":40}},"loc":{"start":{"line":113,"column":22},"end":{"line":113,"column":40}}}},"branchMap":{"0":{"loc":{"start":{"line":31,"column":2},"end":{"line":31,"column":null}},"type":"if","locations":[{"start":{"line":31,"column":2},"end":{"line":31,"column":null}},{"start":{},"end":{}}]},"1":{"loc":{"start":{"line":43,"column":15},"end":{"line":43,"column":98}},"type":"cond-expr","locations":[{"start":{"line":43,"column":29},"end":{"line":43,"column":55}},{"start":{"line":43,"column":55},"end":{"line":43,"column":98}}]},"2":{"loc":{"start":{"line":43,"column":74},"end":{"line":43,"column":98}},"type":"cond-expr","locations":[{"start":{"line":43,"column":88},"end":{"line":43,"column":94}},{"start":{"line":43,"column":94},"end":{"line":43,"column":98}}]},"3":{"loc":{"start":{"line":54,"column":85},"end":{"line":54,"column":null}},"type":"cond-expr","locations":[{"start":{"line":54,"column":115},"end":{"line":54,"column":121}},{"start":{"line":54,"column":121},"end":{"line":54,"column":null}}]},"4":{"loc":{"start":{"line":57,"column":91},"end":{"line":57,"column":null}},"type":"cond-expr","locations":[{"start":{"line":57,"column":123},"end":{"line":57,"column":129}},{"start":{"line":57,"column":129},"end":{"line":57,"column":null}}]},"5":{"loc":{"start":{"line":68,"column":13},"end":{"line":68,"column":null}},"type":"cond-expr","locations":[{"start":{"line":68,"column":28},"end":{"line":68,"column":44}},{"start":{"line":68,"column":44},"end":{"line":68,"column":null}}]},"6":{"loc":{"start":{"line":75,"column":12},"end":{"line":79,"column":null}},"type":"cond-expr","locations":[{"start":{"line":75,"column":12},"end":{"line":79,"column":null}}]},"7":{"loc":{"start":{"line":80,"column":15},"end":{"line":80,"column":null}},"type":"binary-expr","locations":[{"start":{"line":80,"column":15},"end":{"line":80,"column":null}}]},"8":{"loc":{"start":{"line":87,"column":25},"end":{"line":87,"column":51}},"type":"binary-expr","locations":[{"start":{"line":87,"column":25},"end":{"line":87,"column":51}}]},"9":{"loc":{"start":{"line":94,"column":15},"end":{"line":94,"column":null}},"type":"binary-expr","locations":[{"start":{"line":94,"column":15},"end":{"line":94,"column":null}}]},"10":{"loc":{"start":{"line":101,"column":25},"end":{"line":101,"column":51}},"type":"binary-expr","locations":[{"start":{"line":101,"column":25},"end":{"line":101,"column":51}}]},"11":{"loc":{"start":{"line":108,"column":15},"end":{"line":108,"column":null}},"type":"binary-expr","locations":[{"start":{"line":108,"column":15},"end":{"line":108,"column":null}}]},"12":{"loc":{"start":{"line":129,"column":14},"end":{"line":133,"column":null}},"type":"cond-expr","locations":[{"start":{"line":130,"column":18},"end":{"line":130,"column":null}},{"start":{"line":131,"column":18},"end":{"line":133,"column":null}}]},"13":{"loc":{"start":{"line":131,"column":18},"end":{"line":133,"column":null}},"type":"cond-expr","locations":[{"start":{"line":132,"column":20},"end":{"line":132,"column":null}},{"start":{"line":133,"column":20},"end":{"line":133,"column":null}}]},"14":{"loc":{"start":{"line":136,"column":13},"end":{"line":136,"column":null}},"type":"cond-expr","locations":[{"start":{"line":136,"column":24},"end":{"line":136,"column":36}},{"start":{"line":136,"column":36},"end":{"line":136,"column":null}}]},"15":{"loc":{"start":{"line":136,"column":36},"end":{"line":136,"column":null}},"type":"cond-expr","locations":[{"start":{"line":136,"column":50},"end":{"line":136,"column":66}},{"start":{"line":136,"column":66},"end":{"line":136,"column":null}}]}},"s":{"0":11,"1":1,"2":1,"3":1,"4":1,"5":11,"6":11,"7":11,"8":7,"9":11,"10":7,"11":11,"12":7,"13":11,"14":11,"15":11,"16":11,"17":1,"18":1,"19":3,"20":2,"21":2},"f":{"0":11,"1":11,"2":7,"3":7,"4":7,"5":1,"6":3,"7":2,"8":2},"b":{"0":[1,10],"1":[5,5],"2":[1,4],"3":[7,3],"4":[8,2],"5":[1,9],"6":[5],"7":[5],"8":[3],"9":[5],"10":[2],"11":[5],"12":[3,7],"13":[5,2],"14":[3,7],"15":[5,2]}}
}
