TN:
SF:src/components/strategy-builder/BacktestConfigDialog.tsx
FN:22,today
FN:26,daysAgo
FN:32,BacktestConfigDialog
FN:35,(anonymous_4)
FN:42,(anonymous_5)
FN:43,(anonymous_6)
FN:46,(anonymous_7)
FN:47,(anonymous_8)
FN:50,(anonymous_9)
FN:70,(anonymous_10)
FN:105,(anonymous_11)
FN:108,(anonymous_12)
FN:127,(anonymous_13)
FN:139,(anonymous_14)
FN:157,(anonymous_15)
FN:172,(anonymous_16)
FNF:16
FNH:11
FNDA:10,today
FNDA:10,daysAgo
FNDA:13,BacktestConfigDialog
FNDA:10,(anonymous_4)
FNDA:2,(anonymous_5)
FNDA:2,(anonymous_6)
FNDA:0,(anonymous_7)
FNDA:0,(anonymous_8)
FNDA:2,(anonymous_9)
FNDA:1,(anonymous_10)
FNDA:48,(anonymous_11)
FNDA:0,(anonymous_12)
FNDA:1,(anonymous_13)
FNDA:1,(anonymous_14)
FNDA:0,(anonymous_15)
FNDA:0,(anonymous_16)
DA:3,1
DA:4,1
DA:6,1
DA:13,1
DA:15,1
DA:23,10
DA:27,10
DA:28,10
DA:29,10
DA:32,10
DA:33,13
DA:35,13
DA:40,13
DA:42,13
DA:43,2
DA:46,13
DA:47,0
DA:50,13
DA:51,2
DA:52,2
DA:53,0
DA:54,0
DA:56,2
DA:57,1
DA:58,1
DA:60,1
DA:61,1
DA:62,1
DA:63,1
DA:65,0
DA:69,13
DA:70,1
DA:74,13
DA:76,12
DA:106,48
DA:108,0
DA:127,1
DA:139,1
DA:157,0
DA:172,0
LF:40
LH:33
BRDA:51,0,0,0
BRDA:51,0,1,2
BRDA:52,1,0,0
BRDA:52,1,1,2
BRDA:52,2,0,2
BRDA:52,2,1,2
BRDA:56,3,0,1
BRDA:56,3,1,1
BRDA:65,4,0,0
BRDA:65,4,1,0
BRDA:70,5,0,1
BRDA:70,5,1,0
BRDA:74,6,0,1
BRDA:74,6,1,12
BRDA:76,7,0,12
BRDA:76,7,1,12
BRDA:76,7,2,12
BRDA:76,7,3,12
BRDA:181,8,0,12
BRDA:196,9,0,12
BRDA:215,10,0,2
BRDA:215,10,1,10
BRF:22
BRH:17
end_of_record
TN:
SF:src/components/strategy-builder/BlockSearchPanel.tsx
FN:33,BlockCard
FN:42,(anonymous_2)
FN:42,(anonymous_3)
FN:60,(anonymous_4)
FN:71,BlockSearchPanel
FN:78,(anonymous_6)
FN:79,(anonymous_7)
FN:91,(anonymous_8)
FN:113,(anonymous_9)
FN:121,(anonymous_10)
FN:125,(anonymous_11)
FN:136,(anonymous_12)
FN:140,(anonymous_13)
FN:156,(anonymous_14)
FNF:14
FNH:13
FNDA:10,BlockCard
FNDA:2,(anonymous_2)
FNDA:2,(anonymous_3)
FNDA:1,(anonymous_4)
FNDA:17,BlockSearchPanel
FNDA:17,(anonymous_6)
FNDA:11,(anonymous_7)
FNDA:1,(anonymous_8)
FNDA:1,(anonymous_9)
FNDA:0,(anonymous_10)
FNDA:12,(anonymous_11)
FNDA:1,(anonymous_12)
FNDA:119,(anonymous_13)
FNDA:8,(anonymous_14)
DA:3,3
DA:4,3
DA:5,3
DA:6,3
DA:8,3
DA:18,3
DA:34,10
DA:35,10
DA:36,10
DA:42,2
DA:60,1
DA:71,15
DA:72,17
DA:74,17
DA:75,17
DA:76,17
DA:78,17
DA:79,17
DA:81,11
DA:84,11
DA:85,11
DA:86,11
DA:90,17
DA:92,1
DA:93,1
DA:94,1
DA:113,1
DA:121,0
DA:126,12
DA:136,1
DA:141,119
DA:157,8
LF:32
LH:31
BRDA:35,0,0,10
BRDA:35,0,1,0
BRDA:36,1,0,10
BRDA:36,1,1,0
BRDA:51,2,0,2
BRDA:51,2,1,8
BRDA:54,3,0,10
BRDA:81,4,0,11
BRDA:81,4,1,1
BRDA:81,4,2,1
BRDA:84,5,0,11
BRDA:84,5,1,0
BRDA:85,6,0,11
BRDA:85,6,1,1
BRDA:86,7,0,11
BRDA:86,7,1,10
BRDA:86,7,2,10
BRDA:93,8,0,1
BRDA:93,8,1,1
BRDA:151,9,0,1
BRDA:151,9,1,16
BRDA:153,10,0,8
BRDA:153,10,1,8
BRF:23
BRH:20
end_of_record
TN:
SF:src/components/strategy-builder/ExitConditionDialog.tsx
FN:23,ExitConditionDialog
FN:30,(anonymous_2)
FN:31,(anonymous_3)
FN:32,(anonymous_4)
FN:33,(anonymous_5)
FN:34,(anonymous_6)
FN:35,(anonymous_7)
FN:38,(anonymous_8)
FN:56,(anonymous_9)
FN:100,(anonymous_10)
FN:119,(anonymous_11)
FN:131,(anonymous_12)
FN:153,(anonymous_13)
FN:168,(anonymous_14)
FN:182,(anonymous_15)
FN:198,(anonymous_16)
FNF:16
FNH:12
FNDA:15,ExitConditionDialog
FNDA:11,(anonymous_2)
FNDA:11,(anonymous_3)
FNDA:11,(anonymous_4)
FNDA:11,(anonymous_5)
FNDA:11,(anonymous_6)
FNDA:11,(anonymous_7)
FNDA:2,(anonymous_8)
FNDA:1,(anonymous_9)
FNDA:1,(anonymous_10)
FNDA:0,(anonymous_11)
FNDA:1,(anonymous_12)
FNDA:0,(anonymous_13)
FNDA:0,(anonymous_14)
FNDA:1,(anonymous_15)
FNDA:0,(anonymous_16)
DA:3,1
DA:4,1
DA:23,11
DA:30,15
DA:31,15
DA:32,15
DA:33,15
DA:34,15
DA:35,15
DA:36,15
DA:38,15
DA:39,2
DA:40,1
DA:41,1
DA:43,1
DA:44,1
DA:52,1
DA:55,15
DA:57,1
DA:62,15
DA:100,1
DA:119,0
DA:131,1
DA:153,0
DA:168,0
DA:182,1
DA:198,0
LF:27
LH:23
BRDA:30,0,0,11
BRDA:30,0,1,10
BRDA:31,1,0,11
BRDA:31,1,1,10
BRDA:32,2,0,11
BRDA:32,2,1,11
BRDA:33,3,0,11
BRDA:33,3,1,11
BRDA:34,4,0,11
BRDA:34,4,1,11
BRDA:35,5,0,11
BRDA:35,5,1,11
BRDA:39,6,0,1
BRDA:39,6,1,1
BRDA:39,7,0,2
BRDA:39,7,1,1
BRDA:57,8,0,1
BRDA:57,8,1,0
BRDA:62,9,0,1
BRDA:62,9,1,14
BRDA:79,10,0,14
BRDA:102,11,0,1
BRDA:102,11,1,13
BRDA:107,12,0,14
BRDA:141,13,0,14
BRDA:187,14,0,14
BRF:26
BRH:25
end_of_record
TN:
SF:src/components/strategy-builder/InfoTooltip.tsx
FN:12,InfoTooltip
FNF:1
FNH:1
FNDA:517,InfoTooltip
DA:3,11
DA:4,11
DA:12,517
DA:13,517
DA:14,517
LF:5
LH:5
BRDA:12,0,0,517
BRDA:23,1,0,517
BRF:2
BRH:2
end_of_record
TN:
SF:src/components/strategy-builder/NewStrategyDialog.tsx
FN:12,NewStrategyDialog
FN:20,(anonymous_2)
FN:40,(anonymous_3)
FN:92,(anonymous_4)
FN:113,(anonymous_5)
FNF:5
FNH:5
FNDA:18,NewStrategyDialog
FNDA:2,(anonymous_2)
FNDA:1,(anonymous_3)
FNDA:3,(anonymous_4)
FNDA:1,(anonymous_5)
DA:3,1
DA:4,1
DA:5,1
DA:12,10
DA:13,18
DA:14,18
DA:15,18
DA:16,18
DA:17,18
DA:18,18
DA:20,18
DA:21,2
DA:22,2
DA:23,0
DA:24,0
DA:25,0
DA:27,2
DA:28,2
DA:29,2
DA:30,2
DA:31,1
DA:33,1
DA:35,2
DA:39,18
DA:41,1
DA:42,1
DA:47,18
DA:49,17
DA:92,3
DA:113,1
LF:30
LH:27
BRDA:22,0,0,0
BRDA:22,0,1,2
BRDA:30,1,0,2
BRDA:30,1,1,1
BRDA:33,2,0,1
BRDA:33,2,1,0
BRDA:41,3,0,0
BRDA:41,3,1,1
BRDA:41,4,0,1
BRDA:41,4,1,0
BRDA:42,5,0,1
BRDA:42,5,1,0
BRDA:47,6,0,1
BRDA:47,6,1,17
BRDA:96,7,0,1
BRDA:96,7,1,16
BRDA:100,8,0,17
BRDA:135,9,0,17
BRDA:135,9,1,8
BRDA:138,10,0,2
BRDA:138,10,1,15
BRF:21
BRH:16
end_of_record
TN:
SF:src/components/strategy-builder/Providers.tsx
FN:11,(anonymous_6)
FN:24,Providers
FN:26,(anonymous_8)
FNF:3
FNH:3
FNDA:517,(anonymous_6)
FNDA:114,Providers
FNDA:517,(anonymous_8)
DA:3,12
DA:9,12
DA:11,517
DA:12,517
DA:13,517
DA:14,0
DA:16,517
DA:24,114
DA:25,114
DA:26,517
LF:10
LH:9
BRDA:13,0,0,0
BRDA:13,0,1,517
BRF:2
BRH:1
end_of_record
TN:
SF:src/components/strategy-builder/StepperRibbon.tsx
FN:21,stepClasses
FN:44,StepperRibbon
FN:50,(anonymous_3)
FN:59,(anonymous_4)
FN:67,(anonymous_5)
FNF:5
FNH:5
FNDA:48,stepClasses
FNDA:12,StepperRibbon
FNDA:48,(anonymous_3)
FNDA:48,(anonymous_4)
FNDA:1,(anonymous_5)
DA:3,3
DA:14,3
DA:23,48
DA:24,48
DA:25,48
DA:27,11
DA:29,1
DA:31,1
DA:33,35
DA:44,12
DA:50,12
DA:51,48
DA:52,47
DA:53,46
DA:54,35
DA:60,48
DA:61,48
DA:62,48
DA:67,1
LF:19
LH:19
BRDA:24,0,0,48
BRDA:24,0,1,0
BRDA:25,1,0,11
BRDA:25,1,1,1
BRDA:25,1,2,1
BRDA:25,1,3,35
BRDA:46,2,0,6
BRDA:47,3,0,6
BRDA:51,4,0,1
BRDA:51,4,1,47
BRDA:52,5,0,1
BRDA:52,5,1,46
BRDA:53,6,0,11
BRDA:53,6,1,35
BRDA:68,7,0,11
BRDA:68,7,1,37
BRDA:73,8,0,48
BRDA:74,9,0,48
BRDA:77,10,0,48
BRF:19
BRH:18
end_of_record
TN:
SF:src/components/strategy-builder/StrategyBlocksPanel.tsx
FN:39,BlockItem
FN:57,(anonymous_2)
FN:74,(anonymous_3)
FN:78,(anonymous_4)
FN:88,(anonymous_5)
FN:97,(anonymous_6)
FN:110,StrategyBlocksPanel
FN:117,(anonymous_8)
FN:124,(anonymous_9)
FN:147,(anonymous_10)
FNF:10
FNH:10
FNDA:20,BlockItem
FNDA:1,(anonymous_2)
FNDA:3,(anonymous_3)
FNDA:1,(anonymous_4)
FNDA:1,(anonymous_5)
FNDA:1,(anonymous_6)
FNDA:17,StrategyBlocksPanel
FNDA:1,(anonymous_8)
FNDA:1,(anonymous_9)
FNDA:20,(anonymous_10)
DA:3,3
DA:4,3
DA:5,3
DA:6,3
DA:8,3
DA:18,3
DA:49,20
DA:50,20
DA:57,1
DA:74,3
DA:78,1
DA:88,1
DA:97,1
DA:110,17
DA:112,17
DA:114,17
DA:116,17
DA:118,1
DA:123,17
DA:125,1
DA:148,20
LF:21
LH:21
BRDA:49,0,0,20
BRDA:49,0,1,0
BRDA:50,1,0,20
BRDA:50,1,1,0
BRDA:55,2,0,1
BRDA:55,2,1,19
BRDA:114,3,0,17
BRDA:114,3,1,6
BRDA:118,4,0,1
BRDA:118,4,1,0
BRDA:125,5,0,1
BRDA:125,5,1,0
BRDA:135,6,0,17
BRDA:135,6,1,0
BRDA:140,7,0,7
BRDA:140,7,1,10
BRF:16
BRH:11
end_of_record
TN:
SF:src/components/strategy-builder/StrategyBrowserDialog.tsx
FN:22,StrategyBrowserDialog
FN:28,(anonymous_2)
FN:33,(anonymous_3)
FN:39,(anonymous_4)
FN:40,(anonymous_5)
FN:41,(anonymous_6)
FN:46,(anonymous_7)
FN:47,(anonymous_8)
FN:55,(anonymous_9)
FN:92,(anonymous_10)
FN:100,(anonymous_11)
FN:118,(anonymous_12)
FN:121,(anonymous_13)
FNF:13
FNH:10
FNDA:16,StrategyBrowserDialog
FNDA:14,(anonymous_2)
FNDA:3,(anonymous_3)
FNDA:0,(anonymous_4)
FNDA:2,(anonymous_5)
FNDA:0,(anonymous_6)
FNDA:2,(anonymous_7)
FNDA:2,(anonymous_8)
FNDA:2,(anonymous_9)
FNDA:2,(anonymous_10)
FNDA:0,(anonymous_11)
FNDA:15,(anonymous_12)
FNDA:2,(anonymous_13)
DA:3,1
DA:4,1
DA:6,1
DA:8,1
DA:22,12
DA:23,16
DA:24,16
DA:25,16
DA:26,16
DA:28,16
DA:29,14
DA:31,14
DA:32,2
DA:33,2
DA:34,3
DA:39,14
DA:40,14
DA:41,0
DA:43,14
DA:46,16
DA:47,2
DA:48,2
DA:49,2
DA:50,2
DA:54,16
DA:56,2
DA:57,2
DA:62,16
DA:92,2
DA:100,0
DA:119,15
DA:121,2
LF:32
LH:30
BRDA:31,0,0,2
BRDA:31,0,1,12
BRDA:34,1,0,3
BRDA:34,1,1,2
BRDA:34,1,2,0
BRDA:39,2,0,0
BRDA:39,2,1,14
BRDA:40,3,0,14
BRDA:40,3,1,0
BRDA:41,4,0,0
BRDA:41,4,1,0
BRDA:48,5,0,2
BRDA:48,5,1,0
BRDA:56,6,0,1
BRDA:56,6,1,1
BRDA:57,7,0,1
BRDA:57,7,1,1
BRDA:57,8,0,2
BRDA:57,8,1,1
BRDA:62,9,0,1
BRDA:62,9,1,15
BRDA:113,10,0,2
BRDA:114,11,0,1
BRDA:114,11,1,1
BRDA:123,12,0,2
BRDA:123,12,1,13
BRDA:131,13,0,15
BRDA:135,14,0,15
BRDA:135,14,1,0
BRF:29
BRH:22
end_of_record
TN:
SF:src/components/strategy-builder/StrategyBuilder.tsx
FN:12,ActionBar
FN:15,(anonymous_2)
FN:16,(anonymous_3)
FN:17,(anonymous_4)
FN:63,StrategyBuilder
FN:77,(anonymous_6)
FNF:6
FNH:3
FNDA:5,ActionBar
FNDA:0,(anonymous_2)
FNDA:0,(anonymous_3)
FNDA:0,(anonymous_4)
FNDA:7,StrategyBuilder
FNDA:7,(anonymous_6)
DA:3,2
DA:4,2
DA:5,2
DA:6,2
DA:7,2
DA:8,2
DA:9,2
DA:10,2
DA:13,5
DA:15,5
DA:16,5
DA:17,5
DA:18,0
DA:19,0
DA:63,7
DA:71,7
DA:73,7
DA:74,7
DA:75,7
DA:77,7
DA:78,7
DA:79,1
DA:81,6
DA:82,6
DA:85,7
DA:88,7
DA:96,6
LF:27
LH:25
BRDA:18,0,0,0
BRDA:18,0,1,0
BRDA:78,1,0,1
BRDA:78,1,1,6
BRDA:81,2,0,6
BRDA:81,2,1,0
BRDA:88,3,0,1
BRDA:88,3,1,6
BRDA:96,4,0,1
BRDA:96,4,1,5
BRF:10
BRH:7
end_of_record
TN:
SF:src/components/strategy-builder/StrategyBuilderPage.tsx
FN:7,StrategyBuilderContent
FN:14,StrategyBuilderPageWrapper
FNF:2
FNH:2
FNDA:1,StrategyBuilderContent
FNDA:1,StrategyBuilderPageWrapper
DA:3,1
DA:4,1
DA:5,1
DA:8,1
DA:9,1
DA:14,1
LF:6
LH:6
BRDA:11,0,0,1
BRDA:11,0,1,1
BRF:2
BRH:2
end_of_record
TN:
SF:src/components/strategy-builder/StrategyInfoPanel.tsx
FN:16,Field
FN:25,StrategyInfoPanel
FN:29,(anonymous_3)
FN:40,(anonymous_4)
FN:57,(anonymous_5)
FN:58,(anonymous_6)
FN:61,(anonymous_7)
FN:85,(anonymous_8)
FN:104,(anonymous_9)
FN:107,(anonymous_10)
FN:121,(anonymous_11)
FNF:11
FNH:9
FNDA:88,Field
FNDA:17,StrategyInfoPanel
FNDA:0,(anonymous_3)
FNDA:1,(anonymous_4)
FNDA:33,(anonymous_5)
FNDA:33,(anonymous_6)
FNDA:22,(anonymous_7)
FNDA:0,(anonymous_8)
FNDA:1,(anonymous_9)
FNDA:88,(anonymous_10)
FNDA:33,(anonymous_11)
DA:3,3
DA:4,3
DA:5,3
DA:6,3
DA:8,3
DA:25,17
DA:26,17
DA:28,17
DA:30,0
DA:33,0
DA:34,0
DA:39,17
DA:41,1
DA:46,17
DA:54,11
DA:55,11
DA:57,33
DA:58,33
DA:59,11
DA:61,11
DA:62,22
DA:64,11
DA:85,0
DA:104,1
DA:108,88
DA:122,33
LF:26
LH:22
BRDA:30,0,0,0
BRDA:30,0,1,0
BRDA:30,1,0,0
BRDA:30,1,1,0
BRDA:46,2,0,6
BRDA:46,2,1,11
BRDA:55,3,0,11
BRDA:55,3,1,0
BRDA:93,4,0,11
BRDA:131,5,0,11
BRDA:138,6,0,11
BRDA:141,7,0,11
BRDA:147,8,0,11
BRDA:153,9,0,11
BRF:14
BRH:9
end_of_record
TN:
SF:src/components/strategy-builder/ValidationPanel.tsx
FN:31,MessageRow
FN:36,(anonymous_2)
FN:49,summarize
FN:50,(anonymous_4)
FN:51,(anonymous_5)
FN:52,(anonymous_6)
FN:56,ValidationPanel
FN:61,(anonymous_8)
FN:92,(anonymous_9)
FN:120,(anonymous_10)
FNF:10
FNH:10
FNDA:8,MessageRow
FNDA:1,(anonymous_2)
FNDA:17,summarize
FNDA:8,(anonymous_4)
FNDA:8,(anonymous_5)
FNDA:8,(anonymous_6)
FNDA:17,ValidationPanel
FNDA:1,(anonymous_8)
FNDA:1,(anonymous_9)
FNDA:8,(anonymous_10)
DA:3,3
DA:4,3
DA:5,3
DA:6,3
DA:8,3
DA:32,8
DA:36,1
DA:50,17
DA:51,17
DA:52,17
DA:53,17
DA:56,17
DA:58,17
DA:60,17
DA:62,1
DA:67,17
DA:68,17
DA:92,1
DA:121,8
LF:19
LH:19
BRDA:42,0,0,8
BRDA:62,1,0,1
BRDA:62,1,1,0
BRDA:76,2,0,17
BRDA:78,3,0,7
BRDA:79,4,0,0
BRDA:79,4,1,4
BRDA:81,5,0,7
BRDA:82,6,0,0
BRDA:82,6,1,2
BRDA:84,7,0,7
BRDA:96,8,0,1
BRDA:96,8,1,16
BRDA:100,9,0,17
BRDA:114,10,0,17
BRDA:114,10,1,10
BRDA:117,11,0,17
BRF:17
BRH:14
end_of_record
TN:
SF:src/components/strategy-builder/ValidationReportWindow.tsx
FN:18,ValidationReportWindow
FN:21,(anonymous_2)
FN:22,(anonymous_3)
FN:23,(anonymous_4)
FN:24,(anonymous_5)
FN:64,(anonymous_6)
FN:84,(anonymous_7)
FN:98,(anonymous_8)
FN:112,(anonymous_9)
FNF:9
FNH:9
FNDA:11,ValidationReportWindow
FNDA:11,(anonymous_2)
FNDA:7,(anonymous_3)
FNDA:7,(anonymous_4)
FNDA:7,(anonymous_5)
FNDA:1,(anonymous_6)
FNDA:3,(anonymous_7)
FNDA:2,(anonymous_8)
FNDA:2,(anonymous_9)
DA:3,1
DA:4,1
DA:5,1
DA:7,1
DA:18,11
DA:19,11
DA:21,11
DA:22,11
DA:23,11
DA:24,11
DA:25,11
DA:28,11
DA:29,11
DA:31,11
DA:64,1
DA:85,3
DA:99,2
DA:113,2
LF:18
LH:18
BRDA:31,0,0,1
BRDA:31,0,1,10
BRDA:43,1,0,5
BRDA:43,1,1,5
BRDA:43,2,0,1
BRDA:43,2,1,4
BRDA:54,3,0,7
BRDA:54,3,1,3
BRDA:57,4,0,8
BRDA:57,4,1,2
BRDA:68,5,0,1
BRDA:68,5,1,9
BRDA:75,6,0,5
BRDA:80,7,0,5
BRDA:87,8,0,3
BRDA:94,9,0,5
BRDA:101,10,0,2
BRDA:108,11,0,5
BRDA:129,12,0,3
BRDA:129,12,1,7
BRDA:131,13,0,5
BRDA:131,13,1,2
BRDA:136,14,0,3
BRDA:136,14,1,7
BRDA:136,15,0,5
BRDA:136,15,1,2
BRF:26
BRH:26
end_of_record
